SpyGlass run started at 09:32:00 AM on Jan 11 2018 

SpyGlass Predictive Analyzer(R) - Version 5.6.0
Last compiled on Dec 15 2015

All Rights Reserved. Use, disclosure or duplication
without prior written permission of Synopsys Inc. is prohibited.
Technical support: email spyglass_support@synopsys.com.

##SGDEBUG [BENCHMARK_ABSOLUTE]: Restoring NOM started: 55 sec, 445893 KB, 909048 KB
##SGDEBUG [BENCHMARK_INCR]: Restoring NOM started: 55 sec, 445893 KB, 909048 KB

INFO [235]    Restoring design database from directory './spyglass-1/.SG_SaveRestoreDB/autogenerated__default_snapshot' ...

INFO [235]    Restoring design database from directory './spyglass-1/.SG_SaveRestoreDB/autogenerated__default_snapshot' ...
              done

              done

##SGDEBUG [BENCHMARK_ABSOLUTE]: Restoring NOM completed: 55 sec, 482890 KB, 945912 KB
##SGDEBUG [BENCHMARK_INCR]: Restoring NOM completed: 0 sec, 36997 KB, 36864 KB
     (Memory Used = 36996.4K(incr), 482890.3K(tot), Cpu Time = 0.03s(incr))
Checking Rule InferBlackBox (Rule 1 of total 0) .... done (Time = 0.00s, Memory = 0.0K)
Checking Rule InferBlackBox (Rule 1 of total 0) .... done (Time = 0.00s, Memory = 0.0K)
##SGDEBUG [BENCHMARK_DATA]: Number of NOM Modules = 9
##SGDEBUG [BENCHMARK_DATA]: Number of NOM Instances = 3504
##SGDEBUG [BENCHMARK_DATA]: Number of NOM Nets = 7476
##SGDEBUG [BENCHMARK_DATA]: Number of NOM Terminals = 32116
##SGDEBUG [BENCHMARK_DATA]: Number of NOM Instances per Module (max and avg) = 1251, 389
Checking Rule GenerateConfMap (Rule 2 of total 0) .... done (Time = 0.00s, Memory = 0.0K)
Checking Rule GenerateConfMap (Rule 2 of total 0) .... done (Time = 0.00s, Memory = 0.0K)
