################################################################################
#
# This file has been generated by SpyGlass:
#     Report Created by: xph3app606
#     Report Created on: Fri Jan 19 09:20:48 2018
#     Working Directory: /tp/xph3app/xph3app606/RISC-V-Core-32-bits/rv32i_pipeline/spyglass
#     Report Location  : ./spyglass-1/lint/lint_abstract/spyglass_reports/SpyGlass/elab_summary.rpt
#     SpyGlass Version : 5.6.0
#     Policy Name      : SpyGlass(5.6.0)
#     Comment          : This report contains RTL and Elaborated names along with parameter values
#
################################################################################

================================================================================
Elaborated Name: 'pc'
    (RTL Design Unit name: 'pc', ../design/vhd/pc.vhd:9)
     Parameters (Total: 0)
     Instances (Total: 1): pipeline.pc1 

================================================================================

Elaborated Name: 'fetch'
    (RTL Design Unit name: 'fetch', ../design/vhd/fetch.vhd:9)
     Parameters (Total: 0)
     Instances (Total: 1): pipeline.fetch1 

================================================================================

Elaborated Name: 'reg_integer'
    (RTL Design Unit name: 'reg_integer', ../design/vhd/reg_integer.vhd:9)
     Parameters (Total: 0)
     Instances (Total: 1): pipeline.reg_integer1 

================================================================================

Elaborated Name: 'decode'
    (RTL Design Unit name: 'decode', ../design/vhd/decode.vhd:9)
     Parameters (Total: 0)
     Instances (Total: 1): pipeline.decode1 

================================================================================

Elaborated Name: 'execute'
    (RTL Design Unit name: 'execute', ../design/vhd/execute.vhd:9)
     Parameters (Total: 0)
     Instances (Total: 1): pipeline.execute1 

================================================================================

Elaborated Name: 'alu'
    (RTL Design Unit name: 'alu', ../design/vhd/alu.vhd:9)
     Parameters (Total: 0)
     Instances (Total: 1): pipeline.execute1.alu1 

================================================================================

Elaborated Name: 'memory_access'
    (RTL Design Unit name: 'memory_access', ../design/vhd/memory_access.vhd:9)
     Parameters (Total: 0)
     Instances (Total: 1): pipeline.memory_access1 

================================================================================

Elaborated Name: 'writeback'
    (RTL Design Unit name: 'writeback', ../design/vhd/writeback.vhd:9)
     Parameters (Total: 0)
     Instances (Total: 1): pipeline.writeback1 

================================================================================

Elaborated Name: 'cache_controller'
    (RTL Design Unit name: 'cache_controller', ../design/vhd/cache_controller.vhd:9)
     Parameters (Total: 0)
     Instances (Total: 2): pipeline.dcache_controller1, pipeline.icache_controller1 

================================================================================

Elaborated Name: 'pipeline'
    (RTL Design Unit name: 'pipeline', ../design/vhd/pipeline.vhd:9)
     Parameters (Total: 0)
================================================================================
