** Error: (vlib-35) Failed to create directory "/tp/xph3app/xph3app606/RISC-V-Core-32-bits/libs/LIB_CORE".
No such file or directory. (errno = ENOENT)
Modifying /tp/xph3app/xph3app606/RISC-V-Core-32-bits/CORE/config/modelsim.ini
** Error: (vmap-20) Cannot access file "/tp/xph3app/xph3app606/RISC-V-Core-32-bits/libs/LIB_CORE".
No such file or directory. (errno = ENOENT)
Model Technology ModelSim SE-64 vcom 10.2c Compiler 2013.07 Jul 18 2013
** Error: (vcom-19) Failed to access library '+acc' at "+acc".
No such file or directory. (errno = ENOENT)
Model Technology ModelSim SE-64 vcom 10.2c Compiler 2013.07 Jul 18 2013
** Error: (vcom-19) Failed to access library '+acc' at "+acc".
No such file or directory. (errno = ENOENT)
** Error: (vlib-35) Failed to create directory "/tp/xph3app/xph3app606/RISC-V-Core-32-bits/libs/LIB_CORE_BENCH".
No such file or directory. (errno = ENOENT)
Modifying /tp/xph3app/xph3app606/RISC-V-Core-32-bits/CORE/config/modelsim.ini
** Error: (vmap-20) Cannot access file "/tp/xph3app/xph3app606/RISC-V-Core-32-bits/libs/LIB_CORE_BENCH".
No such file or directory. (errno = ENOENT)
Model Technology ModelSim SE-64 vcom 10.2c Compiler 2013.07 Jul 18 2013
** Error: (vcom-19) Failed to access library '+acc' at "+acc".
No such file or directory. (errno = ENOENT)

Total Errors :	1
Total Warningss :	1
** Error: (vlib-35) Failed to create directory "/tp/xph3app/xph3app606/RISC-V-Core-32-bits/libs/LIB_CORE".
No such file or directory. (errno = ENOENT)
Modifying /tp/xph3app/xph3app606/RISC-V-Core-32-bits/CORE/config/modelsim.ini
** Error: (vmap-20) Cannot access file "/tp/xph3app/xph3app606/RISC-V-Core-32-bits/libs/LIB_CORE".
No such file or directory. (errno = ENOENT)
Model Technology ModelSim SE-64 vcom 10.2c Compiler 2013.07 Jul 18 2013
** Error: (vcom-19) Failed to access library '+acc' at "+acc".
No such file or directory. (errno = ENOENT)
Model Technology ModelSim SE-64 vcom 10.2c Compiler 2013.07 Jul 18 2013
** Error: (vcom-19) Failed to access library '+acc' at "+acc".
No such file or directory. (errno = ENOENT)
** Error: (vlib-35) Failed to create directory "/tp/xph3app/xph3app606/RISC-V-Core-32-bits/libs/LIB_CORE_BENCH".
No such file or directory. (errno = ENOENT)
Modifying /tp/xph3app/xph3app606/RISC-V-Core-32-bits/CORE/config/modelsim.ini
** Error: (vmap-20) Cannot access file "/tp/xph3app/xph3app606/RISC-V-Core-32-bits/libs/LIB_CORE_BENCH".
No such file or directory. (errno = ENOENT)
Model Technology ModelSim SE-64 vcom 10.2c Compiler 2013.07 Jul 18 2013
** Error: (vcom-19) Failed to access library '+acc' at "+acc".
No such file or directory. (errno = ENOENT)

Total Errors :	1
Total Warningss :	1
** Error: (vlib-35) Failed to create directory "/tp/xph3app/xph3app606/RISC-V-Core-32-bits/libs/LIB_CORE".
No such file or directory. (errno = ENOENT)
Modifying /tp/xph3app/xph3app606/RISC-V-Core-32-bits/CORE/config/modelsim.ini
** Error: (vmap-20) Cannot access file "/tp/xph3app/xph3app606/RISC-V-Core-32-bits/libs/LIB_CORE".
No such file or directory. (errno = ENOENT)
Model Technology ModelSim SE-64 vcom 10.2c Compiler 2013.07 Jul 18 2013
** Error: (vcom-19) Failed to access library '/tp/xph3app/xph3app606/RISC-V-Core-32-bits/libs/LIB_CORE' at "/tp/xph3app/xph3app606/RISC-V-Core-32-bits/libs/LIB_CORE".
No such file or directory. (errno = ENOENT)
Model Technology ModelSim SE-64 vcom 10.2c Compiler 2013.07 Jul 18 2013
** Error: (vcom-19) Failed to access library '/tp/xph3app/xph3app606/RISC-V-Core-32-bits/libs/LIB_CORE' at "/tp/xph3app/xph3app606/RISC-V-Core-32-bits/libs/LIB_CORE".
No such file or directory. (errno = ENOENT)
** Error: (vlib-35) Failed to create directory "/tp/xph3app/xph3app606/RISC-V-Core-32-bits/libs/LIB_CORE_BENCH".
No such file or directory. (errno = ENOENT)
Modifying /tp/xph3app/xph3app606/RISC-V-Core-32-bits/CORE/config/modelsim.ini
** Error: (vmap-20) Cannot access file "/tp/xph3app/xph3app606/RISC-V-Core-32-bits/libs/LIB_CORE_BENCH".
No such file or directory. (errno = ENOENT)
Model Technology ModelSim SE-64 vcom 10.2c Compiler 2013.07 Jul 18 2013
** Error: (vcom-19) Failed to access library '/tp/xph3app/xph3app606/RISC-V-Core-32-bits/libs/LIB_CORE' at "/tp/xph3app/xph3app606/RISC-V-Core-32-bits/libs/LIB_CORE".
No such file or directory. (errno = ENOENT)

Total Errors :	1
Total Warningss :	1
** Error: (vlib-35) Failed to create directory "/tp/xph3app/xph3app606/RISC-V-Core-32-bits/libs/LIB_CORE".
No such file or directory. (errno = ENOENT)
Modifying /tp/xph3app/xph3app606/RISC-V-Core-32-bits/CORE/config/modelsim.ini
** Error: (vmap-20) Cannot access file "/tp/xph3app/xph3app606/RISC-V-Core-32-bits/libs/LIB_CORE".
No such file or directory. (errno = ENOENT)
Model Technology ModelSim SE-64 vcom 10.2c Compiler 2013.07 Jul 18 2013
** Error: (vcom-19) Failed to access library '/tp/xph3app/xph3app606/RISC-V-Core-32-bits/libs/LIB_CORE' at "/tp/xph3app/xph3app606/RISC-V-Core-32-bits/libs/LIB_CORE".
No such file or directory. (errno = ENOENT)
Model Technology ModelSim SE-64 vcom 10.2c Compiler 2013.07 Jul 18 2013
** Error: (vcom-19) Failed to access library '/tp/xph3app/xph3app606/RISC-V-Core-32-bits/libs/LIB_CORE' at "/tp/xph3app/xph3app606/RISC-V-Core-32-bits/libs/LIB_CORE".
No such file or directory. (errno = ENOENT)
** Error: (vlib-35) Failed to create directory "/tp/xph3app/xph3app606/RISC-V-Core-32-bits/libs/LIB_CORE_BENCH".
No such file or directory. (errno = ENOENT)
Modifying /tp/xph3app/xph3app606/RISC-V-Core-32-bits/CORE/config/modelsim.ini
** Error: (vmap-20) Cannot access file "/tp/xph3app/xph3app606/RISC-V-Core-32-bits/libs/LIB_CORE_BENCH".
No such file or directory. (errno = ENOENT)
Model Technology ModelSim SE-64 vcom 10.2c Compiler 2013.07 Jul 18 2013
** Error: (vcom-19) Failed to access library '/tp/xph3app/xph3app606/RISC-V-Core-32-bits/libs/LIB_CORE' at "/tp/xph3app/xph3app606/RISC-V-Core-32-bits/libs/LIB_CORE".
No such file or directory. (errno = ENOENT)

Total Errors :	1
Total Warningss :	1
** Error: (vlib-35) Failed to create directory "/tp/xph3app/xph3app606/RISC-V-Core-32-bits/libs/LIB_CORE".
No such file or directory. (errno = ENOENT)
Modifying /tp/xph3app/xph3app606/RISC-V-Core-32-bits/CORE/config/modelsim.ini
** Error: (vmap-20) Cannot access file "/tp/xph3app/xph3app606/RISC-V-Core-32-bits/libs/LIB_CORE".
No such file or directory. (errno = ENOENT)
Model Technology ModelSim SE-64 vcom 10.2c Compiler 2013.07 Jul 18 2013
** Error: (vcom-19) Failed to access library '/tp/xph3app/xph3app606/RISC-V-Core-32-bits/libs/LIB_CORE' at "/tp/xph3app/xph3app606/RISC-V-Core-32-bits/libs/LIB_CORE".
No such file or directory. (errno = ENOENT)
Model Technology ModelSim SE-64 vcom 10.2c Compiler 2013.07 Jul 18 2013
** Error: (vcom-19) Failed to access library '/tp/xph3app/xph3app606/RISC-V-Core-32-bits/libs/LIB_CORE' at "/tp/xph3app/xph3app606/RISC-V-Core-32-bits/libs/LIB_CORE".
No such file or directory. (errno = ENOENT)
** Error: (vlib-35) Failed to create directory "/tp/xph3app/xph3app606/RISC-V-Core-32-bits/libs/LIB_CORE_BENCH".
No such file or directory. (errno = ENOENT)
Modifying /tp/xph3app/xph3app606/RISC-V-Core-32-bits/CORE/config/modelsim.ini
** Error: (vmap-20) Cannot access file "/tp/xph3app/xph3app606/RISC-V-Core-32-bits/libs/LIB_CORE_BENCH".
No such file or directory. (errno = ENOENT)
Model Technology ModelSim SE-64 vcom 10.2c Compiler 2013.07 Jul 18 2013
** Error: (vcom-19) Failed to access library '/tp/xph3app/xph3app606/RISC-V-Core-32-bits/libs/LIB_CORE' at "/tp/xph3app/xph3app606/RISC-V-Core-32-bits/libs/LIB_CORE".
No such file or directory. (errno = ENOENT)

Total Errors :	1
Total Warningss :	1
** Error: (vlib-35) Failed to create directory "/tp/xph3app/xph3app606/RISC-V-Core-32-bits/libs/LIB_CORE".
No such file or directory. (errno = ENOENT)
Modifying /tp/xph3app/xph3app606/RISC-V-Core-32-bits/CORE/config/modelsim.ini
** Error: (vmap-20) Cannot access file "/tp/xph3app/xph3app606/RISC-V-Core-32-bits/libs/LIB_CORE".
No such file or directory. (errno = ENOENT)
Model Technology ModelSim SE-64 vcom 10.2c Compiler 2013.07 Jul 18 2013
** Error: (vcom-19) Failed to access library '/tp/xph3app/xph3app606/RISC-V-Core-32-bits/libs/LIB_CORE' at "/tp/xph3app/xph3app606/RISC-V-Core-32-bits/libs/LIB_CORE".
No such file or directory. (errno = ENOENT)
Model Technology ModelSim SE-64 vcom 10.2c Compiler 2013.07 Jul 18 2013
** Error: (vcom-19) Failed to access library '/tp/xph3app/xph3app606/RISC-V-Core-32-bits/libs/LIB_CORE' at "/tp/xph3app/xph3app606/RISC-V-Core-32-bits/libs/LIB_CORE".
No such file or directory. (errno = ENOENT)
** Error: (vlib-35) Failed to create directory "/tp/xph3app/xph3app606/RISC-V-Core-32-bits/libs/LIB_CORE_BENCH".
No such file or directory. (errno = ENOENT)
Modifying /tp/xph3app/xph3app606/RISC-V-Core-32-bits/CORE/config/modelsim.ini
** Error: (vmap-20) Cannot access file "/tp/xph3app/xph3app606/RISC-V-Core-32-bits/libs/LIB_CORE_BENCH".
No such file or directory. (errno = ENOENT)
Model Technology ModelSim SE-64 vcom 10.2c Compiler 2013.07 Jul 18 2013
** Error: (vcom-19) Failed to access library '/tp/xph3app/xph3app606/RISC-V-Core-32-bits/libs/LIB_CORE' at "/tp/xph3app/xph3app606/RISC-V-Core-32-bits/libs/LIB_CORE".
No such file or directory. (errno = ENOENT)

Total Errors :	1
Total Warningss :	1
