################################################################################
#
# This file has been generated by SpyGlass:
#     Report Created by: xph3app606
#     Report Created on: Wed Dec 20 16:42:52 2017
#     Working Directory: /tp/xph3app/xph3app606/RISC-V-Core-32-bits/CORE/spyglass
#     Report Location  : ./spyglass-1/lint/lint_abstract/spyglass_reports/SpyGlass/elab_summary.rpt
#     SpyGlass Version : 5.6.0
#     Policy Name      : SpyGlass(5.6.0)
#     Comment          : This report contains RTL and Elaborated names along with parameter values
#
################################################################################

================================================================================
Elaborated Name: 'counter_calculation'
    (RTL Design Unit name: 'counter_calculation', ../design/vhd/counter_calculation.vhd:9)
     Parameters (Total: 0)
     Instances (Total: 1): core.counter_calculation1 

================================================================================

Elaborated Name: 'fetch'
    (RTL Design Unit name: 'fetch', ../design/vhd/fetch.vhd:9)
     Parameters (Total: 0)
     Instances (Total: 1): core.fetch1 

================================================================================

Elaborated Name: 'registerfile'
    (RTL Design Unit name: 'registerfile', ../design/vhd/registerfile.vhd:9)
     Parameters (Total: 0)
     Instances (Total: 1): core.registerfile1 

================================================================================

Elaborated Name: 'decode'
    (RTL Design Unit name: 'decode', ../design/vhd/decode.vhd:9)
     Parameters (Total: 0)
     Instances (Total: 1): core.decode1 

================================================================================

Elaborated Name: 'execute'
    (RTL Design Unit name: 'execute', ../design/vhd/execute.vhd:9)
     Parameters (Total: 0)
     Instances (Total: 1): core.execute1 

================================================================================

Elaborated Name: 'alu'
    (RTL Design Unit name: 'alu', ../design/vhd/alu.vhd:9)
     Parameters (Total: 0)
     Instances (Total: 1): core.execute1.alu1 

================================================================================

Elaborated Name: 'memory_access'
    (RTL Design Unit name: 'memory_access', ../design/vhd/memory_access.vhd:9)
     Parameters (Total: 0)
     Instances (Total: 1): core.memory_access1 

================================================================================

Elaborated Name: 'writeback'
    (RTL Design Unit name: 'writeback', ../design/vhd/writeback.vhd:9)
     Parameters (Total: 0)
     Instances (Total: 1): core.writeback1 

================================================================================

Elaborated Name: 'core'
    (RTL Design Unit name: 'core', ../design/vhd/core.vhd:9)
     Parameters (Total: 0)
================================================================================
