Warning:  ../../design/vhd/pc.vhd:19: The architecture pc_arch has already been analyzed. It is being replaced. (VHD-4)
Warning:  ../../design/vhd/fetch.vhd:26: The architecture fetch_arch has already been analyzed. It is being replaced. (VHD-4)
Warning:  ../../design/vhd/cache_controller.vhd:23: The architecture cache_controller_arch has already been analyzed. It is being replaced. (VHD-4)
Warning:  ../../design/vhd/decode.vhd:35: The architecture decode_arch has already been analyzed. It is being replaced. (VHD-4)
Warning:  ../../design/vhd/reg_integer.vhd:21: The architecture reg_integer_arch has already been analyzed. It is being replaced. (VHD-4)
Warning:  ../../design/vhd/alu.vhd:17: The architecture alu_arch has already been analyzed. It is being replaced. (VHD-4)
Warning:  ../../design/vhd/execute.vhd:28: The architecture execute_arch has already been analyzed. It is being replaced. (VHD-4)
Warning:  ../../design/vhd/memory_access.vhd:26: The architecture memory_access_arch has already been analyzed. It is being replaced. (VHD-4)
Warning:  ../../design/vhd/writeback.vhd:17: The architecture writeback_arch has already been analyzed. It is being replaced. (VHD-4)
Warning:  ../../design/vhd/pipeline.vhd:25: The architecture pipeline_arch has already been analyzed. It is being replaced. (VHD-4)
Warning:  ../../design/vhd/alu.vhd:25: DEFAULT branch of CASE statement cannot be reached. (ELAB-311)
Warning: Setting dont_use on dont_touched lib_cell 'c35_CORELIB_TYP'/'DLY12'. (OPT-1307)
Warning: Setting dont_use on dont_touched lib_cell 'c35_CORELIB_TYP'/'DLY22'. (OPT-1307)
Warning: Setting dont_use on dont_touched lib_cell 'c35_CORELIB_TYP'/'DLY32'. (OPT-1307)
Warning: Setting dont_use on dont_touched lib_cell 'c35_CORELIB_TYP'/'DLY42'. (OPT-1307)
Warning: Operating condition WORST set on design pipeline has different process,
Warning: Design 'pipeline' contains 1 high-fanout nets. A fanout number of 1000 will be used for delay calculations involving these nets. (TIM-134)
Warning: Design 'pipeline' contains 1 high-fanout nets. A fanout number of 1000 will be used for delay calculations involving these nets. (TIM-134)
Warning: A dummy net 'n_1000' is created to connect open pin 'S'. (VHDL-290)
Warning: A dummy net 'n_1001' is created to connect open pin 'QN'. (VHDL-290)
Warning: A dummy net 'n_1002' is created to connect open pin 'QN'. (VHDL-290)
Warning: A dummy net 'n_1003' is created to connect open pin 'QN'. (VHDL-290)
Warning: A dummy net 'n_1004' is created to connect open pin 'QN'. (VHDL-290)
Warning: A dummy net 'n_1005' is created to connect open pin 'QN'. (VHDL-290)
Warning: A dummy net 'n_1006' is created to connect open pin 'QN'. (VHDL-290)
Warning: A dummy net 'n_1007' is created to connect open pin 'QN'. (VHDL-290)
Warning: A dummy net 'n_1008' is created to connect open pin 'QN'. (VHDL-290)
Warning: A dummy net 'n_1009' is created to connect open pin 'QN'. (VHDL-290)
Warning: A dummy net 'n_1010' is created to connect open pin 'QN'. (VHDL-290)
Warning: A dummy net 'n_1011' is created to connect open pin 'QN'. (VHDL-290)
Warning: A dummy net 'n_1012' is created to connect open pin 'QN'. (VHDL-290)
Warning: A dummy net 'n_1013' is created to connect open pin 'QN'. (VHDL-290)
Warning: A dummy net 'n_1014' is created to connect open pin 'QN'. (VHDL-290)
Warning: A dummy net 'n_1015' is created to connect open pin 'QN'. (VHDL-290)
Warning: A dummy net 'n_1016' is created to connect open pin 'QN'. (VHDL-290)
Warning: A dummy net 'n_1017' is created to connect open pin 'QN'. (VHDL-290)
Warning: A dummy net 'n_1018' is created to connect open pin 'QN'. (VHDL-290)
Warning: A dummy net 'n_1019' is created to connect open pin 'QN'. (VHDL-290)
Warning: A dummy net 'n_1020' is created to connect open pin 'QN'. (VHDL-290)
Warning: A dummy net 'n_1021' is created to connect open pin 'QN'. (VHDL-290)
Warning: A dummy net 'n_1022' is created to connect open pin 'QN'. (VHDL-290)
Warning: A dummy net 'n_1023' is created to connect open pin 'QN'. (VHDL-290)
Warning: A dummy net 'n_1024' is created to connect open pin 'QN'. (VHDL-290)
Warning: A dummy net 'n_1025' is created to connect open pin 'QN'. (VHDL-290)
Warning: A dummy net 'n_1026' is created to connect open pin 'QN'. (VHDL-290)
Warning: A dummy net 'n_1027' is created to connect open pin 'Q'. (VHDL-290)
Warning: A dummy net 'n_1028' is created to connect open pin 'Q'. (VHDL-290)
Warning: A dummy net 'n_1029' is created to connect open pin 'Q'. (VHDL-290)
Warning: A dummy net 'n_1030' is created to connect open pin 'Q'. (VHDL-290)
Warning: A dummy net 'n_1031' is created to connect open pin 'Q'. (VHDL-290)
Warning: A dummy net 'n_1032' is created to connect open pin 'Q'. (VHDL-290)
Warning: A dummy net 'n_1033' is created to connect open pin 'Q'. (VHDL-290)
Warning: A dummy net 'n_1034' is created to connect open pin 'Q'. (VHDL-290)
Warning: A dummy net 'n_1035' is created to connect open pin 'Q'. (VHDL-290)
Warning: A dummy net 'n_1036' is created to connect open pin 'Q'. (VHDL-290)
Warning: A dummy net 'n_1037' is created to connect open pin 'Q'. (VHDL-290)
Warning: A dummy net 'n_1038' is created to connect open pin 'Q'. (VHDL-290)
Warning: A dummy net 'n_1039' is created to connect open pin 'Q'. (VHDL-290)
Warning: A dummy net 'n_1040' is created to connect open pin 'Q'. (VHDL-290)
Warning: A dummy net 'n_1041' is created to connect open pin 'Q'. (VHDL-290)
Warning: A dummy net 'n_1042' is created to connect open pin 'Q'. (VHDL-290)
Warning: A dummy net 'n_1043' is created to connect open pin 'Q'. (VHDL-290)
Warning: A dummy net 'n_1044' is created to connect open pin 'Q'. (VHDL-290)
Warning: A dummy net 'n_1045' is created to connect open pin 'Q'. (VHDL-290)
Warning: A dummy net 'n_1046' is created to connect open pin 'Q'. (VHDL-290)
Warning: A dummy net 'n_1047' is created to connect open pin 'Q'. (VHDL-290)
Warning: A dummy net 'n_1048' is created to connect open pin 'Q'. (VHDL-290)
Warning: A dummy net 'n_1049' is created to connect open pin 'Q'. (VHDL-290)
Warning: A dummy net 'n_1050' is created to connect open pin 'Q'. (VHDL-290)
Warning: A dummy net 'n_1051' is created to connect open pin 'Q'. (VHDL-290)
Warning: A dummy net 'n_1052' is created to connect open pin 'Q'. (VHDL-290)
Warning: A dummy net 'n_1053' is created to connect open pin 'Q'. (VHDL-290)
Warning: A dummy net 'n_1054' is created to connect open pin 'Q'. (VHDL-290)
Warning: A dummy net 'n_1055' is created to connect open pin 'Q'. (VHDL-290)
Warning: A dummy net 'n_1056' is created to connect open pin 'Q'. (VHDL-290)
Warning: A dummy net 'n_1057' is created to connect open pin 'Q'. (VHDL-290)
Warning: A dummy net 'n_1058' is created to connect open pin 'Q'. (VHDL-290)
Warning: A dummy net 'n_1059' is created to connect open pin 'Q'. (VHDL-290)
Warning: A dummy net 'n_1060' is created to connect open pin 'Q'. (VHDL-290)
Warning: A dummy net 'n_1061' is created to connect open pin 'Q'. (VHDL-290)
Warning: A dummy net 'n_1062' is created to connect open pin 'Q'. (VHDL-290)
Warning: A dummy net 'n_1063' is created to connect open pin 'Q'. (VHDL-290)
Warning: A dummy net 'n_1064' is created to connect open pin 'Q'. (VHDL-290)
Warning: A dummy net 'n_1065' is created to connect open pin 'Q'. (VHDL-290)
Warning: A dummy net 'n_1066' is created to connect open pin 'Q'. (VHDL-290)
Warning: A dummy net 'n_1067' is created to connect open pin 'Q'. (VHDL-290)
Warning: A dummy net 'n_1068' is created to connect open pin 'Q'. (VHDL-290)
Warning: A dummy net 'n_1069' is created to connect open pin 'Q'. (VHDL-290)
Warning: A dummy net 'n_1070' is created to connect open pin 'Q'. (VHDL-290)
Warning: A dummy net 'n_1071' is created to connect open pin 'Q'. (VHDL-290)
Warning: A dummy net 'n_1072' is created to connect open pin 'Q'. (VHDL-290)
Warning: A dummy net 'n_1073' is created to connect open pin 'Q'. (VHDL-290)
Warning: A dummy net 'n_1074' is created to connect open pin 'Q'. (VHDL-290)
Warning: A dummy net 'n_1075' is created to connect open pin 'Q'. (VHDL-290)
Warning: A dummy net 'n_1076' is created to connect open pin 'Q'. (VHDL-290)
Warning: A dummy net 'n_1077' is created to connect open pin 'Q'. (VHDL-290)
Warning: A dummy net 'n_1078' is created to connect open pin 'Q'. (VHDL-290)
Warning: A dummy net 'n_1079' is created to connect open pin 'Q'. (VHDL-290)
Warning: A dummy net 'n_1080' is created to connect open pin 'Q'. (VHDL-290)
Warning: A dummy net 'n_1081' is created to connect open pin 'Q'. (VHDL-290)
Warning: A dummy net 'n_1082' is created to connect open pin 'Q'. (VHDL-290)
Warning: A dummy net 'n_1083' is created to connect open pin 'Q'. (VHDL-290)
Warning: A dummy net 'n_1084' is created to connect open pin 'Q'. (VHDL-290)
Warning: A dummy net 'n_1085' is created to connect open pin 'Q'. (VHDL-290)
Warning: A dummy net 'n_1086' is created to connect open pin 'Q'. (VHDL-290)
Warning: A dummy net 'n_1087' is created to connect open pin 'Q'. (VHDL-290)
Warning: A dummy net 'n_1088' is created to connect open pin 'Q'. (VHDL-290)
Warning: A dummy net 'n_1089' is created to connect open pin 'Q'. (VHDL-290)
Warning: A dummy net 'n_1090' is created to connect open pin 'Q'. (VHDL-290)
Warning: A dummy net 'n_1091' is created to connect open pin 'Q'. (VHDL-290)
Warning: A dummy net 'n_1092' is created to connect open pin 'Q'. (VHDL-290)
Warning: A dummy net 'n_1093' is created to connect open pin 'Q'. (VHDL-290)
Warning: A dummy net 'n_1094' is created to connect open pin 'Q'. (VHDL-290)
Warning: A dummy net 'n_1095' is created to connect open pin 'Q'. (VHDL-290)
Warning: A dummy net 'n_1096' is created to connect open pin 'Q'. (VHDL-290)
Warning: A dummy net 'n_1097' is created to connect open pin 'Q'. (VHDL-290)
Warning: A dummy net 'n_1098' is created to connect open pin 'Q'. (VHDL-290)
Warning: A dummy net 'n_1099' is created to connect open pin 'Q'. (VHDL-290)
Warning: A dummy net 'n_1100' is created to connect open pin 'Q'. (VHDL-290)
Warning: A dummy net 'n_1101' is created to connect open pin 'Q'. (VHDL-290)
Warning: A dummy net 'n_1102' is created to connect open pin 'Q'. (VHDL-290)
Warning: A dummy net 'n_1103' is created to connect open pin 'Q'. (VHDL-290)
Warning: A dummy net 'n_1104' is created to connect open pin 'Q'. (VHDL-290)
Warning: A dummy net 'n_1105' is created to connect open pin 'Q'. (VHDL-290)
Warning: A dummy net 'n_1106' is created to connect open pin 'Q'. (VHDL-290)
Warning: A dummy net 'n_1107' is created to connect open pin 'Q'. (VHDL-290)
Warning: A dummy net 'n_1108' is created to connect open pin 'Q'. (VHDL-290)
Warning: A dummy net 'n_1109' is created to connect open pin 'Q'. (VHDL-290)
Warning: A dummy net 'n_1110' is created to connect open pin 'Q'. (VHDL-290)
Warning: A dummy net 'n_1111' is created to connect open pin 'Q'. (VHDL-290)
Warning: A dummy net 'n_1112' is created to connect open pin 'Q'. (VHDL-290)
Warning: A dummy net 'n_1113' is created to connect open pin 'Q'. (VHDL-290)
Warning: A dummy net 'n_1114' is created to connect open pin 'Q'. (VHDL-290)
Warning: A dummy net 'n_1115' is created to connect open pin 'Q'. (VHDL-290)
Warning: A dummy net 'n_1116' is created to connect open pin 'Q'. (VHDL-290)
Warning: A dummy net 'n_1117' is created to connect open pin 'Q'. (VHDL-290)
Warning: A dummy net 'n_1118' is created to connect open pin 'Q'. (VHDL-290)
Warning: A dummy net 'n_1119' is created to connect open pin 'Q'. (VHDL-290)
Warning: A dummy net 'n_1120' is created to connect open pin 'Q'. (VHDL-290)
Warning: A dummy net 'n_1121' is created to connect open pin 'Q'. (VHDL-290)
Warning: A dummy net 'n_1122' is created to connect open pin 'Q'. (VHDL-290)
Warning: A dummy net 'n_1123' is created to connect open pin 'Q'. (VHDL-290)
Warning: A dummy net 'n_1124' is created to connect open pin 'Q'. (VHDL-290)
Warning: A dummy net 'n_1125' is created to connect open pin 'Q'. (VHDL-290)
Warning: A dummy net 'n_1126' is created to connect open pin 'Q'. (VHDL-290)
Warning: A dummy net 'n_1127' is created to connect open pin 'Q'. (VHDL-290)
Warning: A dummy net 'n_1128' is created to connect open pin 'Q'. (VHDL-290)
Warning: A dummy net 'n_1129' is created to connect open pin 'Q'. (VHDL-290)
Warning: A dummy net 'n_1130' is created to connect open pin 'Q'. (VHDL-290)
Warning: A dummy net 'n_1131' is created to connect open pin 'Q'. (VHDL-290)
Warning: A dummy net 'n_1132' is created to connect open pin 'Q'. (VHDL-290)
Warning: A dummy net 'n_1133' is created to connect open pin 'Q'. (VHDL-290)
Warning: A dummy net 'n_1134' is created to connect open pin 'Q'. (VHDL-290)
Warning: A dummy net 'n_1135' is created to connect open pin 'Q'. (VHDL-290)
Warning: A dummy net 'n_1136' is created to connect open pin 'Q'. (VHDL-290)
Warning: A dummy net 'n_1137' is created to connect open pin 'Q'. (VHDL-290)
Warning: A dummy net 'n_1138' is created to connect open pin 'Q'. (VHDL-290)
Warning: A dummy net 'n_1139' is created to connect open pin 'Q'. (VHDL-290)
Warning: A dummy net 'n_1140' is created to connect open pin 'Q'. (VHDL-290)
Warning: A dummy net 'n_1141' is created to connect open pin 'Q'. (VHDL-290)
Warning: A dummy net 'n_1142' is created to connect open pin 'Q'. (VHDL-290)
Warning: A dummy net 'n_1143' is created to connect open pin 'Q'. (VHDL-290)
Warning: A dummy net 'n_1144' is created to connect open pin 'Q'. (VHDL-290)
Warning: A dummy net 'n_1145' is created to connect open pin 'Q'. (VHDL-290)
Warning: A dummy net 'n_1146' is created to connect open pin 'Q'. (VHDL-290)
Warning: A dummy net 'n_1147' is created to connect open pin 'Q'. (VHDL-290)
Warning: A dummy net 'n_1148' is created to connect open pin 'Q'. (VHDL-290)
Warning: A dummy net 'n_1149' is created to connect open pin 'Q'. (VHDL-290)
Warning: A dummy net 'n_1150' is created to connect open pin 'Q'. (VHDL-290)
Warning: A dummy net 'n_1151' is created to connect open pin 'Q'. (VHDL-290)
Warning: A dummy net 'n_1152' is created to connect open pin 'Q'. (VHDL-290)
Warning: A dummy net 'n_1153' is created to connect open pin 'Q'. (VHDL-290)
Warning: A dummy net 'n_1154' is created to connect open pin 'Q'. (VHDL-290)
Warning: A dummy net 'n_1155' is created to connect open pin 'Q'. (VHDL-290)
Warning: A dummy net 'n_1156' is created to connect open pin 'Q'. (VHDL-290)
Warning: A dummy net 'n_1157' is created to connect open pin 'Q'. (VHDL-290)
Warning: A dummy net 'n_1158' is created to connect open pin 'Q'. (VHDL-290)
Warning: A dummy net 'n_1159' is created to connect open pin 'Q'. (VHDL-290)
Warning: A dummy net 'n_1160' is created to connect open pin 'Q'. (VHDL-290)
Warning: A dummy net 'n_1161' is created to connect open pin 'Q'. (VHDL-290)
Warning: A dummy net 'n_1162' is created to connect open pin 'Q'. (VHDL-290)
Warning: A dummy net 'n_1163' is created to connect open pin 'Q'. (VHDL-290)
Warning: A dummy net 'n_1164' is created to connect open pin 'Q'. (VHDL-290)
Warning: A dummy net 'n_1165' is created to connect open pin 'Q'. (VHDL-290)
Warning: A dummy net 'n_1166' is created to connect open pin 'Q'. (VHDL-290)
Warning: A dummy net 'n_1167' is created to connect open pin 'Q'. (VHDL-290)
Warning: A dummy net 'n_1168' is created to connect open pin 'Q'. (VHDL-290)
Warning: A dummy net 'n_1169' is created to connect open pin 'Q'. (VHDL-290)
Warning: A dummy net 'n_1170' is created to connect open pin 'Q'. (VHDL-290)
Warning: A dummy net 'n_1171' is created to connect open pin 'Q'. (VHDL-290)
Warning: A dummy net 'n_1172' is created to connect open pin 'Q'. (VHDL-290)
Warning: A dummy net 'n_1173' is created to connect open pin 'Q'. (VHDL-290)
Warning: A dummy net 'n_1174' is created to connect open pin 'Q'. (VHDL-290)
Warning: A dummy net 'n_1175' is created to connect open pin 'Q'. (VHDL-290)
Warning: A dummy net 'n_1176' is created to connect open pin 'Q'. (VHDL-290)
Warning: A dummy net 'n_1177' is created to connect open pin 'Q'. (VHDL-290)
Warning: A dummy net 'n_1178' is created to connect open pin 'Q'. (VHDL-290)
Warning: A dummy net 'n_1179' is created to connect open pin 'Q'. (VHDL-290)
Warning: A dummy net 'n_1180' is created to connect open pin 'Q'. (VHDL-290)
Warning: A dummy net 'n_1181' is created to connect open pin 'Q'. (VHDL-290)
Warning: A dummy net 'n_1182' is created to connect open pin 'Q'. (VHDL-290)
Warning: A dummy net 'n_1183' is created to connect open pin 'Q'. (VHDL-290)
Warning: A dummy net 'n_1184' is created to connect open pin 'Q'. (VHDL-290)
Warning: A dummy net 'n_1185' is created to connect open pin 'Q'. (VHDL-290)
Warning: A dummy net 'n_1186' is created to connect open pin 'Q'. (VHDL-290)
Warning: A dummy net 'n_1187' is created to connect open pin 'Q'. (VHDL-290)
Warning: A dummy net 'n_1188' is created to connect open pin 'Q'. (VHDL-290)
Warning: A dummy net 'n_1189' is created to connect open pin 'Q'. (VHDL-290)
Warning: A dummy net 'n_1190' is created to connect open pin 'Q'. (VHDL-290)
Warning: A dummy net 'n_1191' is created to connect open pin 'Q'. (VHDL-290)
Warning: A dummy net 'n_1192' is created to connect open pin 'Q'. (VHDL-290)
Warning: A dummy net 'n_1193' is created to connect open pin 'Q'. (VHDL-290)
Warning: A dummy net 'n_1194' is created to connect open pin 'Q'. (VHDL-290)
Warning: A dummy net 'n_1195' is created to connect open pin 'Q'. (VHDL-290)
Warning: A dummy net 'n_1196' is created to connect open pin 'Q'. (VHDL-290)
Warning: A dummy net 'n_1197' is created to connect open pin 'Q'. (VHDL-290)
Warning: A dummy net 'n_1198' is created to connect open pin 'Q'. (VHDL-290)
Warning: A dummy net 'n_1199' is created to connect open pin 'Q'. (VHDL-290)
Warning: A dummy net 'n_1200' is created to connect open pin 'Q'. (VHDL-290)
Warning: A dummy net 'n_1201' is created to connect open pin 'Q'. (VHDL-290)
Warning: A dummy net 'n_1202' is created to connect open pin 'Q'. (VHDL-290)
Warning: A dummy net 'n_1203' is created to connect open pin 'Q'. (VHDL-290)
Warning: A dummy net 'n_1204' is created to connect open pin 'Q'. (VHDL-290)
Warning: A dummy net 'n_1205' is created to connect open pin 'Q'. (VHDL-290)
Warning: A dummy net 'n_1206' is created to connect open pin 'Q'. (VHDL-290)
Warning: A dummy net 'n_1207' is created to connect open pin 'Q'. (VHDL-290)
Warning: A dummy net 'n_1208' is created to connect open pin 'Q'. (VHDL-290)
Warning: A dummy net 'n_1209' is created to connect open pin 'Q'. (VHDL-290)
Warning: A dummy net 'n_1210' is created to connect open pin 'Q'. (VHDL-290)
Warning: A dummy net 'n_1211' is created to connect open pin 'Q'. (VHDL-290)
Warning: A dummy net 'n_1212' is created to connect open pin 'Q'. (VHDL-290)
Warning: A dummy net 'n_1213' is created to connect open pin 'Q'. (VHDL-290)
Warning: A dummy net 'n_1214' is created to connect open pin 'Q'. (VHDL-290)
Warning: A dummy net 'n_1215' is created to connect open pin 'Q'. (VHDL-290)
Warning: A dummy net 'n_1216' is created to connect open pin 'Q'. (VHDL-290)
Warning: A dummy net 'n_1217' is created to connect open pin 'Q'. (VHDL-290)
Warning: A dummy net 'n_1218' is created to connect open pin 'Q'. (VHDL-290)
Warning: A dummy net 'n_1219' is created to connect open pin 'Q'. (VHDL-290)
Warning: A dummy net 'n_1220' is created to connect open pin 'Q'. (VHDL-290)
Warning: A dummy net 'n_1221' is created to connect open pin 'Q'. (VHDL-290)
Warning: A dummy net 'n_1222' is created to connect open pin 'Q'. (VHDL-290)
Warning: A dummy net 'n_1223' is created to connect open pin 'Q'. (VHDL-290)
Warning: A dummy net 'n_1224' is created to connect open pin 'Q'. (VHDL-290)
Warning: A dummy net 'n_1225' is created to connect open pin 'Q'. (VHDL-290)
Warning: A dummy net 'n_1226' is created to connect open pin 'Q'. (VHDL-290)
Warning: A dummy net 'n_1227' is created to connect open pin 'Q'. (VHDL-290)
Warning: A dummy net 'n_1228' is created to connect open pin 'Q'. (VHDL-290)
Warning: A dummy net 'n_1229' is created to connect open pin 'Q'. (VHDL-290)
Warning: A dummy net 'n_1230' is created to connect open pin 'Q'. (VHDL-290)
Warning: A dummy net 'n_1231' is created to connect open pin 'Q'. (VHDL-290)
Warning: A dummy net 'n_1232' is created to connect open pin 'Q'. (VHDL-290)
Warning: A dummy net 'n_1233' is created to connect open pin 'Q'. (VHDL-290)
Warning: A dummy net 'n_1234' is created to connect open pin 'Q'. (VHDL-290)
Warning: A dummy net 'n_1235' is created to connect open pin 'Q'. (VHDL-290)
Warning: A dummy net 'n_1236' is created to connect open pin 'Q'. (VHDL-290)
Warning: A dummy net 'n_1237' is created to connect open pin 'Q'. (VHDL-290)
Warning: A dummy net 'n_1238' is created to connect open pin 'Q'. (VHDL-290)
Warning: A dummy net 'n_1239' is created to connect open pin 'Q'. (VHDL-290)
Warning: A dummy net 'n_1240' is created to connect open pin 'Q'. (VHDL-290)
Warning: A dummy net 'n_1241' is created to connect open pin 'Q'. (VHDL-290)
Warning: A dummy net 'n_1242' is created to connect open pin 'Q'. (VHDL-290)
Warning: A dummy net 'n_1243' is created to connect open pin 'Q'. (VHDL-290)
Warning: A dummy net 'n_1244' is created to connect open pin 'Q'. (VHDL-290)
Warning: A dummy net 'n_1245' is created to connect open pin 'Q'. (VHDL-290)
Warning: A dummy net 'n_1246' is created to connect open pin 'Q'. (VHDL-290)
Warning: A dummy net 'n_1247' is created to connect open pin 'Q'. (VHDL-290)
Warning: A dummy net 'n_1248' is created to connect open pin 'Q'. (VHDL-290)
Warning: A dummy net 'n_1249' is created to connect open pin 'Q'. (VHDL-290)
Warning: A dummy net 'n_1250' is created to connect open pin 'Q'. (VHDL-290)
Warning: A dummy net 'n_1251' is created to connect open pin 'Q'. (VHDL-290)
Warning: A dummy net 'n_1252' is created to connect open pin 'Q'. (VHDL-290)
Warning: A dummy net 'n_1253' is created to connect open pin 'Q'. (VHDL-290)
Warning: A dummy net 'n_1254' is created to connect open pin 'Q'. (VHDL-290)
Warning: A dummy net 'n_1255' is created to connect open pin 'Q'. (VHDL-290)
Warning: A dummy net 'n_1256' is created to connect open pin 'Q'. (VHDL-290)
Warning: A dummy net 'n_1257' is created to connect open pin 'Q'. (VHDL-290)
Warning: A dummy net 'n_1258' is created to connect open pin 'Q'. (VHDL-290)
Warning: A dummy net 'n_1259' is created to connect open pin 'Q'. (VHDL-290)
Warning: A dummy net 'n_1260' is created to connect open pin 'Q'. (VHDL-290)
Warning: A dummy net 'n_1261' is created to connect open pin 'Q'. (VHDL-290)
Warning: A dummy net 'n_1262' is created to connect open pin 'Q'. (VHDL-290)
Warning: A dummy net 'n_1263' is created to connect open pin 'Q'. (VHDL-290)
Warning: A dummy net 'n_1264' is created to connect open pin 'Q'. (VHDL-290)
Warning: A dummy net 'n_1265' is created to connect open pin 'Q'. (VHDL-290)
Warning: A dummy net 'n_1266' is created to connect open pin 'Q'. (VHDL-290)
Warning: A dummy net 'n_1267' is created to connect open pin 'Q'. (VHDL-290)
Warning: A dummy net 'n_1268' is created to connect open pin 'Q'. (VHDL-290)
Warning: A dummy net 'n_1269' is created to connect open pin 'Q'. (VHDL-290)
Warning: A dummy net 'n_1270' is created to connect open pin 'Q'. (VHDL-290)
Warning: A dummy net 'n_1271' is created to connect open pin 'Q'. (VHDL-290)
Warning: A dummy net 'n_1272' is created to connect open pin 'Q'. (VHDL-290)
Warning: A dummy net 'n_1273' is created to connect open pin 'Q'. (VHDL-290)
Warning: A dummy net 'n_1274' is created to connect open pin 'Q'. (VHDL-290)
Warning: A dummy net 'n_1275' is created to connect open pin 'Q'. (VHDL-290)
Warning: A dummy net 'n_1276' is created to connect open pin 'Q'. (VHDL-290)
Warning: A dummy net 'n_1277' is created to connect open pin 'Q'. (VHDL-290)
Warning: A dummy net 'n_1278' is created to connect open pin 'Q'. (VHDL-290)
Warning: A dummy net 'n_1279' is created to connect open pin 'Q'. (VHDL-290)
Warning: A dummy net 'n_1280' is created to connect open pin 'Q'. (VHDL-290)
Warning: A dummy net 'n_1281' is created to connect open pin 'Q'. (VHDL-290)
Warning: A dummy net 'n_1282' is created to connect open pin 'Q'. (VHDL-290)
Warning: A dummy net 'n_1283' is created to connect open pin 'Q'. (VHDL-290)
Warning: A dummy net 'n_1284' is created to connect open pin 'Q'. (VHDL-290)
Warning: A dummy net 'n_1285' is created to connect open pin 'Q'. (VHDL-290)
Warning: A dummy net 'n_1286' is created to connect open pin 'Q'. (VHDL-290)
Warning: A dummy net 'n_1287' is created to connect open pin 'Q'. (VHDL-290)
Warning: A dummy net 'n_1288' is created to connect open pin 'Q'. (VHDL-290)
Warning: A dummy net 'n_1289' is created to connect open pin 'Q'. (VHDL-290)
Warning: A dummy net 'n_1290' is created to connect open pin 'Q'. (VHDL-290)
Warning: A dummy net 'n_1291' is created to connect open pin 'Q'. (VHDL-290)
Warning: A dummy net 'n_1292' is created to connect open pin 'Q'. (VHDL-290)
Warning: A dummy net 'n_1293' is created to connect open pin 'Q'. (VHDL-290)
Warning: A dummy net 'n_1294' is created to connect open pin 'Q'. (VHDL-290)
Warning: A dummy net 'n_1295' is created to connect open pin 'Q'. (VHDL-290)
Warning: A dummy net 'n_1296' is created to connect open pin 'Q'. (VHDL-290)
Warning: A dummy net 'n_1297' is created to connect open pin 'Q'. (VHDL-290)
Warning: A dummy net 'n_1298' is created to connect open pin 'Q'. (VHDL-290)
Warning: A dummy net 'n_1299' is created to connect open pin 'Q'. (VHDL-290)
Warning: A dummy net 'n_1300' is created to connect open pin 'Q'. (VHDL-290)
Warning: A dummy net 'n_1301' is created to connect open pin 'Q'. (VHDL-290)
Warning: A dummy net 'n_1302' is created to connect open pin 'Q'. (VHDL-290)
Warning: A dummy net 'n_1303' is created to connect open pin 'Q'. (VHDL-290)
Warning: A dummy net 'n_1304' is created to connect open pin 'Q'. (VHDL-290)
Warning: A dummy net 'n_1305' is created to connect open pin 'Q'. (VHDL-290)
Warning: A dummy net 'n_1306' is created to connect open pin 'Q'. (VHDL-290)
Warning: A dummy net 'n_1307' is created to connect open pin 'Q'. (VHDL-290)
Warning: A dummy net 'n_1308' is created to connect open pin 'Q'. (VHDL-290)
Warning: A dummy net 'n_1309' is created to connect open pin 'Q'. (VHDL-290)
Warning: A dummy net 'n_1310' is created to connect open pin 'Q'. (VHDL-290)
Warning: A dummy net 'n_1311' is created to connect open pin 'Q'. (VHDL-290)
Warning: A dummy net 'n_1312' is created to connect open pin 'Q'. (VHDL-290)
Warning: A dummy net 'n_1313' is created to connect open pin 'Q'. (VHDL-290)
Warning: A dummy net 'n_1314' is created to connect open pin 'Q'. (VHDL-290)
Warning: A dummy net 'n_1315' is created to connect open pin 'Q'. (VHDL-290)
Warning: A dummy net 'n_1316' is created to connect open pin 'Q'. (VHDL-290)
Warning: A dummy net 'n_1317' is created to connect open pin 'Q'. (VHDL-290)
Warning: A dummy net 'n_1318' is created to connect open pin 'Q'. (VHDL-290)
Warning: A dummy net 'n_1319' is created to connect open pin 'Q'. (VHDL-290)
Warning: A dummy net 'n_1320' is created to connect open pin 'Q'. (VHDL-290)
Warning: A dummy net 'n_1321' is created to connect open pin 'Q'. (VHDL-290)
Warning: A dummy net 'n_1322' is created to connect open pin 'Q'. (VHDL-290)
Warning: A dummy net 'n_1323' is created to connect open pin 'Q'. (VHDL-290)
Warning: A dummy net 'n_1324' is created to connect open pin 'Q'. (VHDL-290)
Warning: A dummy net 'n_1325' is created to connect open pin 'Q'. (VHDL-290)
Warning: A dummy net 'n_1326' is created to connect open pin 'Q'. (VHDL-290)
Warning: A dummy net 'n_1327' is created to connect open pin 'Q'. (VHDL-290)
Warning: A dummy net 'n_1328' is created to connect open pin 'Q'. (VHDL-290)
Warning: A dummy net 'n_1329' is created to connect open pin 'Q'. (VHDL-290)
Warning: A dummy net 'n_1330' is created to connect open pin 'Q'. (VHDL-290)
Warning: A dummy net 'n_1331' is created to connect open pin 'Q'. (VHDL-290)
Warning: A dummy net 'n_1332' is created to connect open pin 'Q'. (VHDL-290)
Warning: A dummy net 'n_1333' is created to connect open pin 'Q'. (VHDL-290)
Warning: A dummy net 'n_1334' is created to connect open pin 'Q'. (VHDL-290)
Warning: A dummy net 'n_1335' is created to connect open pin 'Q'. (VHDL-290)
Warning: A dummy net 'n_1336' is created to connect open pin 'Q'. (VHDL-290)
Warning: A dummy net 'n_1337' is created to connect open pin 'Q'. (VHDL-290)
Warning: A dummy net 'n_1338' is created to connect open pin 'Q'. (VHDL-290)
Warning: A dummy net 'n_1339' is created to connect open pin 'Q'. (VHDL-290)
Warning: A dummy net 'n_1340' is created to connect open pin 'Q'. (VHDL-290)
Warning: A dummy net 'n_1341' is created to connect open pin 'Q'. (VHDL-290)
Warning: A dummy net 'n_1342' is created to connect open pin 'Q'. (VHDL-290)
Warning: A dummy net 'n_1343' is created to connect open pin 'Q'. (VHDL-290)
Warning: A dummy net 'n_1344' is created to connect open pin 'Q'. (VHDL-290)
Warning: A dummy net 'n_1345' is created to connect open pin 'Q'. (VHDL-290)
Warning: A dummy net 'n_1346' is created to connect open pin 'Q'. (VHDL-290)
Warning: A dummy net 'n_1347' is created to connect open pin 'Q'. (VHDL-290)
Warning: A dummy net 'n_1348' is created to connect open pin 'Q'. (VHDL-290)
Warning: A dummy net 'n_1349' is created to connect open pin 'Q'. (VHDL-290)
Warning: A dummy net 'n_1350' is created to connect open pin 'Q'. (VHDL-290)
Warning: A dummy net 'n_1351' is created to connect open pin 'Q'. (VHDL-290)
Warning: A dummy net 'n_1352' is created to connect open pin 'Q'. (VHDL-290)
Warning: A dummy net 'n_1353' is created to connect open pin 'Q'. (VHDL-290)
Warning: A dummy net 'n_1354' is created to connect open pin 'Q'. (VHDL-290)
Warning: A dummy net 'n_1355' is created to connect open pin 'Q'. (VHDL-290)
Warning: A dummy net 'n_1356' is created to connect open pin 'Q'. (VHDL-290)
Warning: A dummy net 'n_1357' is created to connect open pin 'Q'. (VHDL-290)
Warning: A dummy net 'n_1358' is created to connect open pin 'Q'. (VHDL-290)
Warning: A dummy net 'n_1359' is created to connect open pin 'Q'. (VHDL-290)
Warning: A dummy net 'n_1360' is created to connect open pin 'Q'. (VHDL-290)
Warning: A dummy net 'n_1361' is created to connect open pin 'Q'. (VHDL-290)
Warning: A dummy net 'n_1362' is created to connect open pin 'Q'. (VHDL-290)
Warning: A dummy net 'n_1363' is created to connect open pin 'Q'. (VHDL-290)
Warning: A dummy net 'n_1364' is created to connect open pin 'Q'. (VHDL-290)
Warning: A dummy net 'n_1365' is created to connect open pin 'Q'. (VHDL-290)
Warning: A dummy net 'n_1366' is created to connect open pin 'Q'. (VHDL-290)
Warning: A dummy net 'n_1367' is created to connect open pin 'Q'. (VHDL-290)
Warning: A dummy net 'n_1368' is created to connect open pin 'Q'. (VHDL-290)
Warning: A dummy net 'n_1369' is created to connect open pin 'Q'. (VHDL-290)
Warning: A dummy net 'n_1370' is created to connect open pin 'Q'. (VHDL-290)
Warning: A dummy net 'n_1371' is created to connect open pin 'Q'. (VHDL-290)
Warning: A dummy net 'n_1372' is created to connect open pin 'Q'. (VHDL-290)
Warning: A dummy net 'n_1373' is created to connect open pin 'Q'. (VHDL-290)
Warning: A dummy net 'n_1374' is created to connect open pin 'Q'. (VHDL-290)
Warning: A dummy net 'n_1375' is created to connect open pin 'Q'. (VHDL-290)
Warning: A dummy net 'n_1376' is created to connect open pin 'Q'. (VHDL-290)
Warning: A dummy net 'n_1377' is created to connect open pin 'Q'. (VHDL-290)
Warning: A dummy net 'n_1378' is created to connect open pin 'Q'. (VHDL-290)
Warning: A dummy net 'n_1379' is created to connect open pin 'Q'. (VHDL-290)
Warning: A dummy net 'n_1380' is created to connect open pin 'Q'. (VHDL-290)
Warning: A dummy net 'n_1381' is created to connect open pin 'Q'. (VHDL-290)
Warning: A dummy net 'n_1382' is created to connect open pin 'Q'. (VHDL-290)
Warning: A dummy net 'n_1383' is created to connect open pin 'Q'. (VHDL-290)
Warning: A dummy net 'n_1384' is created to connect open pin 'Q'. (VHDL-290)
Warning: A dummy net 'n_1385' is created to connect open pin 'Q'. (VHDL-290)
Warning: A dummy net 'n_1386' is created to connect open pin 'Q'. (VHDL-290)
Warning: A dummy net 'n_1387' is created to connect open pin 'Q'. (VHDL-290)
Warning: A dummy net 'n_1388' is created to connect open pin 'Q'. (VHDL-290)
Warning: A dummy net 'n_1389' is created to connect open pin 'Q'. (VHDL-290)
Warning: A dummy net 'n_1390' is created to connect open pin 'Q'. (VHDL-290)
Warning: A dummy net 'n_1391' is created to connect open pin 'Q'. (VHDL-290)
Warning: A dummy net 'n_1392' is created to connect open pin 'Q'. (VHDL-290)
Warning: A dummy net 'n_1393' is created to connect open pin 'Q'. (VHDL-290)
Warning: A dummy net 'n_1394' is created to connect open pin 'Q'. (VHDL-290)
Warning: A dummy net 'n_1395' is created to connect open pin 'Q'. (VHDL-290)
Warning: A dummy net 'n_1396' is created to connect open pin 'Q'. (VHDL-290)
Warning: A dummy net 'n_1397' is created to connect open pin 'Q'. (VHDL-290)
Warning: A dummy net 'n_1398' is created to connect open pin 'Q'. (VHDL-290)
Warning: A dummy net 'n_1399' is created to connect open pin 'Q'. (VHDL-290)
Warning: A dummy net 'n_1400' is created to connect open pin 'Q'. (VHDL-290)
Warning: A dummy net 'n_1401' is created to connect open pin 'Q'. (VHDL-290)
Warning: A dummy net 'n_1402' is created to connect open pin 'Q'. (VHDL-290)
Warning: A dummy net 'n_1403' is created to connect open pin 'Q'. (VHDL-290)
Warning: A dummy net 'n_1404' is created to connect open pin 'Q'. (VHDL-290)
Warning: A dummy net 'n_1405' is created to connect open pin 'Q'. (VHDL-290)
Warning: A dummy net 'n_1406' is created to connect open pin 'Q'. (VHDL-290)
Warning: A dummy net 'n_1407' is created to connect open pin 'Q'. (VHDL-290)
Warning: A dummy net 'n_1408' is created to connect open pin 'Q'. (VHDL-290)
Warning: A dummy net 'n_1409' is created to connect open pin 'Q'. (VHDL-290)
Warning: A dummy net 'n_1410' is created to connect open pin 'Q'. (VHDL-290)
Warning: A dummy net 'n_1411' is created to connect open pin 'Q'. (VHDL-290)
Warning: A dummy net 'n_1412' is created to connect open pin 'Q'. (VHDL-290)
Warning: A dummy net 'n_1413' is created to connect open pin 'Q'. (VHDL-290)
Warning: A dummy net 'n_1414' is created to connect open pin 'Q'. (VHDL-290)
Warning: A dummy net 'n_1415' is created to connect open pin 'Q'. (VHDL-290)
Warning: A dummy net 'n_1416' is created to connect open pin 'Q'. (VHDL-290)
Warning: A dummy net 'n_1417' is created to connect open pin 'Q'. (VHDL-290)
Warning: A dummy net 'n_1418' is created to connect open pin 'Q'. (VHDL-290)
Warning: A dummy net 'n_1419' is created to connect open pin 'Q'. (VHDL-290)
Warning: A dummy net 'n_1420' is created to connect open pin 'Q'. (VHDL-290)
Warning: A dummy net 'n_1421' is created to connect open pin 'Q'. (VHDL-290)
Warning: A dummy net 'n_1422' is created to connect open pin 'Q'. (VHDL-290)
Warning: A dummy net 'n_1423' is created to connect open pin 'Q'. (VHDL-290)
Warning: A dummy net 'n_1424' is created to connect open pin 'Q'. (VHDL-290)
Warning: A dummy net 'n_1425' is created to connect open pin 'Q'. (VHDL-290)
Warning: A dummy net 'n_1426' is created to connect open pin 'Q'. (VHDL-290)
Warning: A dummy net 'n_1427' is created to connect open pin 'Q'. (VHDL-290)
Warning: A dummy net 'n_1428' is created to connect open pin 'Q'. (VHDL-290)
Warning: A dummy net 'n_1429' is created to connect open pin 'Q'. (VHDL-290)
Warning: A dummy net 'n_1430' is created to connect open pin 'Q'. (VHDL-290)
Warning: A dummy net 'n_1431' is created to connect open pin 'Q'. (VHDL-290)
Warning: A dummy net 'n_1432' is created to connect open pin 'Q'. (VHDL-290)
Warning: A dummy net 'n_1433' is created to connect open pin 'Q'. (VHDL-290)
Warning: A dummy net 'n_1434' is created to connect open pin 'Q'. (VHDL-290)
Warning: A dummy net 'n_1435' is created to connect open pin 'Q'. (VHDL-290)
Warning: A dummy net 'n_1436' is created to connect open pin 'Q'. (VHDL-290)
Warning: A dummy net 'n_1437' is created to connect open pin 'Q'. (VHDL-290)
Warning: A dummy net 'n_1438' is created to connect open pin 'Q'. (VHDL-290)
Warning: A dummy net 'n_1439' is created to connect open pin 'Q'. (VHDL-290)
Warning: A dummy net 'n_1440' is created to connect open pin 'Q'. (VHDL-290)
Warning: A dummy net 'n_1441' is created to connect open pin 'Q'. (VHDL-290)
Warning: A dummy net 'n_1442' is created to connect open pin 'Q'. (VHDL-290)
Warning: A dummy net 'n_1443' is created to connect open pin 'Q'. (VHDL-290)
Warning: A dummy net 'n_1444' is created to connect open pin 'Q'. (VHDL-290)
Warning: A dummy net 'n_1445' is created to connect open pin 'Q'. (VHDL-290)
Warning: A dummy net 'n_1446' is created to connect open pin 'Q'. (VHDL-290)
Warning: A dummy net 'n_1447' is created to connect open pin 'Q'. (VHDL-290)
Warning: A dummy net 'n_1448' is created to connect open pin 'Q'. (VHDL-290)
Warning: A dummy net 'n_1449' is created to connect open pin 'Q'. (VHDL-290)
Warning: A dummy net 'n_1450' is created to connect open pin 'Q'. (VHDL-290)
Warning: A dummy net 'n_1451' is created to connect open pin 'Q'. (VHDL-290)
Warning: A dummy net 'n_1452' is created to connect open pin 'Q'. (VHDL-290)
Warning: A dummy net 'n_1453' is created to connect open pin 'Q'. (VHDL-290)
Warning: A dummy net 'n_1454' is created to connect open pin 'Q'. (VHDL-290)
Warning: A dummy net 'n_1455' is created to connect open pin 'Q'. (VHDL-290)
Warning: A dummy net 'n_1456' is created to connect open pin 'Q'. (VHDL-290)
Warning: A dummy net 'n_1457' is created to connect open pin 'Q'. (VHDL-290)
Warning: A dummy net 'n_1458' is created to connect open pin 'Q'. (VHDL-290)
Warning: A dummy net 'n_1459' is created to connect open pin 'Q'. (VHDL-290)
Warning: A dummy net 'n_1460' is created to connect open pin 'Q'. (VHDL-290)
Warning: A dummy net 'n_1461' is created to connect open pin 'Q'. (VHDL-290)
Warning: A dummy net 'n_1462' is created to connect open pin 'Q'. (VHDL-290)
Warning: A dummy net 'n_1463' is created to connect open pin 'Q'. (VHDL-290)
Warning: A dummy net 'n_1464' is created to connect open pin 'Q'. (VHDL-290)
Warning: A dummy net 'n_1465' is created to connect open pin 'Q'. (VHDL-290)
Warning: A dummy net 'n_1466' is created to connect open pin 'Q'. (VHDL-290)
Warning: A dummy net 'n_1467' is created to connect open pin 'Q'. (VHDL-290)
Warning: A dummy net 'n_1468' is created to connect open pin 'Q'. (VHDL-290)
Warning: A dummy net 'n_1469' is created to connect open pin 'Q'. (VHDL-290)
Warning: A dummy net 'n_1470' is created to connect open pin 'Q'. (VHDL-290)
Warning: A dummy net 'n_1471' is created to connect open pin 'Q'. (VHDL-290)
Warning: A dummy net 'n_1472' is created to connect open pin 'Q'. (VHDL-290)
Warning: A dummy net 'n_1473' is created to connect open pin 'Q'. (VHDL-290)
Warning: A dummy net 'n_1474' is created to connect open pin 'Q'. (VHDL-290)
Warning: A dummy net 'n_1475' is created to connect open pin 'Q'. (VHDL-290)
Warning: A dummy net 'n_1476' is created to connect open pin 'Q'. (VHDL-290)
Warning: A dummy net 'n_1477' is created to connect open pin 'Q'. (VHDL-290)
Warning: A dummy net 'n_1478' is created to connect open pin 'Q'. (VHDL-290)
Warning: A dummy net 'n_1479' is created to connect open pin 'Q'. (VHDL-290)
Warning: A dummy net 'n_1480' is created to connect open pin 'Q'. (VHDL-290)
Warning: A dummy net 'n_1481' is created to connect open pin 'Q'. (VHDL-290)
Warning: A dummy net 'n_1482' is created to connect open pin 'Q'. (VHDL-290)
Warning: A dummy net 'n_1483' is created to connect open pin 'Q'. (VHDL-290)
Warning: A dummy net 'n_1484' is created to connect open pin 'Q'. (VHDL-290)
Warning: A dummy net 'n_1485' is created to connect open pin 'Q'. (VHDL-290)
Warning: A dummy net 'n_1486' is created to connect open pin 'Q'. (VHDL-290)
Warning: A dummy net 'n_1487' is created to connect open pin 'Q'. (VHDL-290)
Warning: A dummy net 'n_1488' is created to connect open pin 'Q'. (VHDL-290)
Warning: A dummy net 'n_1489' is created to connect open pin 'Q'. (VHDL-290)
Warning: A dummy net 'n_1490' is created to connect open pin 'Q'. (VHDL-290)
Warning: A dummy net 'n_1491' is created to connect open pin 'Q'. (VHDL-290)
Warning: A dummy net 'n_1492' is created to connect open pin 'Q'. (VHDL-290)
Warning: A dummy net 'n_1493' is created to connect open pin 'Q'. (VHDL-290)
Warning: A dummy net 'n_1494' is created to connect open pin 'Q'. (VHDL-290)
Warning: A dummy net 'n_1495' is created to connect open pin 'Q'. (VHDL-290)
Warning: A dummy net 'n_1496' is created to connect open pin 'Q'. (VHDL-290)
Warning: A dummy net 'n_1497' is created to connect open pin 'Q'. (VHDL-290)
Warning: A dummy net 'n_1498' is created to connect open pin 'Q'. (VHDL-290)
Warning: A dummy net 'n_1499' is created to connect open pin 'Q'. (VHDL-290)
Warning: A dummy net 'n_1500' is created to connect open pin 'Q'. (VHDL-290)
Warning: A dummy net 'n_1501' is created to connect open pin 'Q'. (VHDL-290)
Warning: A dummy net 'n_1502' is created to connect open pin 'Q'. (VHDL-290)
Warning: A dummy net 'n_1503' is created to connect open pin 'Q'. (VHDL-290)
Warning: A dummy net 'n_1504' is created to connect open pin 'Q'. (VHDL-290)
Warning: A dummy net 'n_1505' is created to connect open pin 'Q'. (VHDL-290)
Warning: A dummy net 'n_1506' is created to connect open pin 'Q'. (VHDL-290)
Warning: A dummy net 'n_1507' is created to connect open pin 'Q'. (VHDL-290)
Warning: A dummy net 'n_1508' is created to connect open pin 'Q'. (VHDL-290)
Warning: A dummy net 'n_1509' is created to connect open pin 'Q'. (VHDL-290)
Warning: A dummy net 'n_1510' is created to connect open pin 'Q'. (VHDL-290)
Warning: A dummy net 'n_1511' is created to connect open pin 'Q'. (VHDL-290)
Warning: A dummy net 'n_1512' is created to connect open pin 'Q'. (VHDL-290)
Warning: A dummy net 'n_1513' is created to connect open pin 'Q'. (VHDL-290)
Warning: A dummy net 'n_1514' is created to connect open pin 'Q'. (VHDL-290)
Warning: A dummy net 'n_1515' is created to connect open pin 'Q'. (VHDL-290)
Warning: A dummy net 'n_1516' is created to connect open pin 'Q'. (VHDL-290)
Warning: A dummy net 'n_1517' is created to connect open pin 'Q'. (VHDL-290)
Warning: A dummy net 'n_1518' is created to connect open pin 'Q'. (VHDL-290)
Warning: A dummy net 'n_1519' is created to connect open pin 'Q'. (VHDL-290)
Warning: A dummy net 'n_1520' is created to connect open pin 'Q'. (VHDL-290)
Warning: A dummy net 'n_1521' is created to connect open pin 'Q'. (VHDL-290)
Warning: A dummy net 'n_1522' is created to connect open pin 'Q'. (VHDL-290)
Warning: A dummy net 'n_1523' is created to connect open pin 'Q'. (VHDL-290)
Warning: A dummy net 'n_1524' is created to connect open pin 'Q'. (VHDL-290)
Warning: A dummy net 'n_1525' is created to connect open pin 'Q'. (VHDL-290)
Warning: A dummy net 'n_1526' is created to connect open pin 'Q'. (VHDL-290)
Warning: A dummy net 'n_1527' is created to connect open pin 'Q'. (VHDL-290)
Warning: A dummy net 'n_1528' is created to connect open pin 'Q'. (VHDL-290)
Warning: A dummy net 'n_1529' is created to connect open pin 'Q'. (VHDL-290)
Warning: A dummy net 'n_1530' is created to connect open pin 'Q'. (VHDL-290)
Warning: A dummy net 'n_1531' is created to connect open pin 'Q'. (VHDL-290)
Warning: A dummy net 'n_1532' is created to connect open pin 'Q'. (VHDL-290)
Warning: A dummy net 'n_1533' is created to connect open pin 'Q'. (VHDL-290)
Warning: A dummy net 'n_1534' is created to connect open pin 'Q'. (VHDL-290)
Warning: A dummy net 'n_1535' is created to connect open pin 'Q'. (VHDL-290)
Warning: A dummy net 'n_1536' is created to connect open pin 'Q'. (VHDL-290)
Warning: A dummy net 'n_1537' is created to connect open pin 'Q'. (VHDL-290)
Warning: A dummy net 'n_1538' is created to connect open pin 'Q'. (VHDL-290)
Warning: A dummy net 'n_1539' is created to connect open pin 'Q'. (VHDL-290)
Warning: A dummy net 'n_1540' is created to connect open pin 'Q'. (VHDL-290)
Warning: A dummy net 'n_1541' is created to connect open pin 'Q'. (VHDL-290)
Warning: A dummy net 'n_1542' is created to connect open pin 'Q'. (VHDL-290)
Warning: A dummy net 'n_1543' is created to connect open pin 'Q'. (VHDL-290)
Warning: A dummy net 'n_1544' is created to connect open pin 'Q'. (VHDL-290)
Warning: A dummy net 'n_1545' is created to connect open pin 'Q'. (VHDL-290)
Warning: A dummy net 'n_1546' is created to connect open pin 'Q'. (VHDL-290)
Warning: A dummy net 'n_1547' is created to connect open pin 'Q'. (VHDL-290)
Warning: A dummy net 'n_1548' is created to connect open pin 'Q'. (VHDL-290)
Warning: A dummy net 'n_1549' is created to connect open pin 'Q'. (VHDL-290)
Warning: A dummy net 'n_1550' is created to connect open pin 'Q'. (VHDL-290)
Warning: A dummy net 'n_1551' is created to connect open pin 'Q'. (VHDL-290)
Warning: A dummy net 'n_1552' is created to connect open pin 'Q'. (VHDL-290)
Warning: A dummy net 'n_1553' is created to connect open pin 'Q'. (VHDL-290)
Warning: A dummy net 'n_1554' is created to connect open pin 'Q'. (VHDL-290)
Warning: A dummy net 'n_1555' is created to connect open pin 'Q'. (VHDL-290)
Warning: A dummy net 'n_1556' is created to connect open pin 'Q'. (VHDL-290)
Warning: A dummy net 'n_1557' is created to connect open pin 'Q'. (VHDL-290)
Warning: A dummy net 'n_1558' is created to connect open pin 'Q'. (VHDL-290)
Warning: A dummy net 'n_1559' is created to connect open pin 'Q'. (VHDL-290)
Warning: A dummy net 'n_1560' is created to connect open pin 'Q'. (VHDL-290)
Warning: A dummy net 'n_1561' is created to connect open pin 'Q'. (VHDL-290)
Warning: A dummy net 'n_1562' is created to connect open pin 'Q'. (VHDL-290)
Warning: A dummy net 'n_1563' is created to connect open pin 'Q'. (VHDL-290)
Warning: A dummy net 'n_1564' is created to connect open pin 'Q'. (VHDL-290)
Warning: A dummy net 'n_1565' is created to connect open pin 'Q'. (VHDL-290)
Warning: A dummy net 'n_1566' is created to connect open pin 'Q'. (VHDL-290)
Warning: A dummy net 'n_1567' is created to connect open pin 'Q'. (VHDL-290)
Warning: A dummy net 'n_1568' is created to connect open pin 'Q'. (VHDL-290)
Warning: A dummy net 'n_1569' is created to connect open pin 'Q'. (VHDL-290)
Warning: A dummy net 'n_1570' is created to connect open pin 'Q'. (VHDL-290)
Warning: A dummy net 'n_1571' is created to connect open pin 'Q'. (VHDL-290)
Warning: A dummy net 'n_1572' is created to connect open pin 'Q'. (VHDL-290)
Warning: A dummy net 'n_1573' is created to connect open pin 'Q'. (VHDL-290)
Warning: A dummy net 'n_1574' is created to connect open pin 'Q'. (VHDL-290)
Warning: A dummy net 'n_1575' is created to connect open pin 'Q'. (VHDL-290)
Warning: A dummy net 'n_1576' is created to connect open pin 'Q'. (VHDL-290)
Warning: A dummy net 'n_1577' is created to connect open pin 'Q'. (VHDL-290)
Warning: A dummy net 'n_1578' is created to connect open pin 'Q'. (VHDL-290)
Warning: A dummy net 'n_1579' is created to connect open pin 'Q'. (VHDL-290)
Warning: A dummy net 'n_1580' is created to connect open pin 'Q'. (VHDL-290)
Warning: A dummy net 'n_1581' is created to connect open pin 'Q'. (VHDL-290)
Warning: A dummy net 'n_1582' is created to connect open pin 'Q'. (VHDL-290)
Warning: A dummy net 'n_1583' is created to connect open pin 'Q'. (VHDL-290)
Warning: A dummy net 'n_1584' is created to connect open pin 'Q'. (VHDL-290)
Warning: A dummy net 'n_1585' is created to connect open pin 'Q'. (VHDL-290)
Warning: A dummy net 'n_1586' is created to connect open pin 'Q'. (VHDL-290)
Warning: A dummy net 'n_1587' is created to connect open pin 'Q'. (VHDL-290)
Warning: A dummy net 'n_1588' is created to connect open pin 'Q'. (VHDL-290)
Warning: A dummy net 'n_1589' is created to connect open pin 'Q'. (VHDL-290)
Warning: A dummy net 'n_1590' is created to connect open pin 'Q'. (VHDL-290)
Warning: A dummy net 'n_1591' is created to connect open pin 'Q'. (VHDL-290)
Warning: A dummy net 'n_1592' is created to connect open pin 'Q'. (VHDL-290)
Warning: A dummy net 'n_1593' is created to connect open pin 'Q'. (VHDL-290)
Warning: A dummy net 'n_1594' is created to connect open pin 'Q'. (VHDL-290)
Warning: A dummy net 'n_1595' is created to connect open pin 'Q'. (VHDL-290)
Warning: A dummy net 'n_1596' is created to connect open pin 'Q'. (VHDL-290)
Warning: A dummy net 'n_1597' is created to connect open pin 'Q'. (VHDL-290)
Warning: A dummy net 'n_1598' is created to connect open pin 'Q'. (VHDL-290)
Warning: A dummy net 'n_1599' is created to connect open pin 'Q'. (VHDL-290)
Warning: A dummy net 'n_1600' is created to connect open pin 'Q'. (VHDL-290)
Warning: A dummy net 'n_1601' is created to connect open pin 'Q'. (VHDL-290)
Warning: A dummy net 'n_1602' is created to connect open pin 'Q'. (VHDL-290)
Warning: A dummy net 'n_1603' is created to connect open pin 'Q'. (VHDL-290)
Warning: A dummy net 'n_1604' is created to connect open pin 'Q'. (VHDL-290)
Warning: A dummy net 'n_1605' is created to connect open pin 'Q'. (VHDL-290)
Warning: A dummy net 'n_1606' is created to connect open pin 'Q'. (VHDL-290)
Warning: A dummy net 'n_1607' is created to connect open pin 'Q'. (VHDL-290)
Warning: A dummy net 'n_1608' is created to connect open pin 'Q'. (VHDL-290)
Warning: A dummy net 'n_1609' is created to connect open pin 'Q'. (VHDL-290)
Warning: A dummy net 'n_1610' is created to connect open pin 'Q'. (VHDL-290)
Warning: A dummy net 'n_1611' is created to connect open pin 'Q'. (VHDL-290)
Warning: A dummy net 'n_1612' is created to connect open pin 'Q'. (VHDL-290)
Warning: A dummy net 'n_1613' is created to connect open pin 'Q'. (VHDL-290)
Warning: A dummy net 'n_1614' is created to connect open pin 'Q'. (VHDL-290)
Warning: A dummy net 'n_1615' is created to connect open pin 'Q'. (VHDL-290)
Warning: A dummy net 'n_1616' is created to connect open pin 'Q'. (VHDL-290)
Warning: A dummy net 'n_1617' is created to connect open pin 'Q'. (VHDL-290)
Warning: A dummy net 'n_1618' is created to connect open pin 'Q'. (VHDL-290)
Warning: A dummy net 'n_1619' is created to connect open pin 'Q'. (VHDL-290)
Warning: A dummy net 'n_1620' is created to connect open pin 'Q'. (VHDL-290)
Warning: A dummy net 'n_1621' is created to connect open pin 'Q'. (VHDL-290)
Warning: A dummy net 'n_1622' is created to connect open pin 'Q'. (VHDL-290)
Warning: A dummy net 'n_1623' is created to connect open pin 'Q'. (VHDL-290)
Warning: A dummy net 'n_1624' is created to connect open pin 'Q'. (VHDL-290)
Warning: A dummy net 'n_1625' is created to connect open pin 'Q'. (VHDL-290)
Warning: A dummy net 'n_1626' is created to connect open pin 'Q'. (VHDL-290)
Warning: A dummy net 'n_1627' is created to connect open pin 'Q'. (VHDL-290)
Warning: A dummy net 'n_1628' is created to connect open pin 'Q'. (VHDL-290)
Warning: A dummy net 'n_1629' is created to connect open pin 'Q'. (VHDL-290)
Warning: A dummy net 'n_1630' is created to connect open pin 'Q'. (VHDL-290)
Warning: A dummy net 'n_1631' is created to connect open pin 'Q'. (VHDL-290)
Warning: A dummy net 'n_1632' is created to connect open pin 'Q'. (VHDL-290)
Warning: A dummy net 'n_1633' is created to connect open pin 'Q'. (VHDL-290)
Warning: A dummy net 'n_1634' is created to connect open pin 'Q'. (VHDL-290)
Warning: A dummy net 'n_1635' is created to connect open pin 'Q'. (VHDL-290)
Warning: A dummy net 'n_1636' is created to connect open pin 'Q'. (VHDL-290)
Warning: A dummy net 'n_1637' is created to connect open pin 'Q'. (VHDL-290)
Warning: A dummy net 'n_1638' is created to connect open pin 'Q'. (VHDL-290)
Warning: A dummy net 'n_1639' is created to connect open pin 'Q'. (VHDL-290)
Warning: A dummy net 'n_1640' is created to connect open pin 'Q'. (VHDL-290)
Warning: A dummy net 'n_1641' is created to connect open pin 'Q'. (VHDL-290)
Warning: A dummy net 'n_1642' is created to connect open pin 'Q'. (VHDL-290)
Warning: A dummy net 'n_1643' is created to connect open pin 'Q'. (VHDL-290)
Warning: A dummy net 'n_1644' is created to connect open pin 'Q'. (VHDL-290)
Warning: A dummy net 'n_1645' is created to connect open pin 'Q'. (VHDL-290)
Warning: A dummy net 'n_1646' is created to connect open pin 'Q'. (VHDL-290)
Warning: A dummy net 'n_1647' is created to connect open pin 'Q'. (VHDL-290)
Warning: A dummy net 'n_1648' is created to connect open pin 'Q'. (VHDL-290)
Warning: A dummy net 'n_1649' is created to connect open pin 'Q'. (VHDL-290)
Warning: A dummy net 'n_1650' is created to connect open pin 'Q'. (VHDL-290)
Warning: A dummy net 'n_1651' is created to connect open pin 'Q'. (VHDL-290)
Warning: A dummy net 'n_1652' is created to connect open pin 'Q'. (VHDL-290)
Warning: A dummy net 'n_1653' is created to connect open pin 'Q'. (VHDL-290)
Warning: A dummy net 'n_1654' is created to connect open pin 'Q'. (VHDL-290)
Warning: A dummy net 'n_1655' is created to connect open pin 'Q'. (VHDL-290)
Warning: A dummy net 'n_1656' is created to connect open pin 'Q'. (VHDL-290)
Warning: A dummy net 'n_1657' is created to connect open pin 'Q'. (VHDL-290)
Warning: A dummy net 'n_1658' is created to connect open pin 'Q'. (VHDL-290)
Warning: A dummy net 'n_1659' is created to connect open pin 'Q'. (VHDL-290)
Warning: A dummy net 'n_1660' is created to connect open pin 'Q'. (VHDL-290)
Warning: A dummy net 'n_1661' is created to connect open pin 'Q'. (VHDL-290)
Warning: A dummy net 'n_1662' is created to connect open pin 'Q'. (VHDL-290)
Warning: A dummy net 'n_1663' is created to connect open pin 'Q'. (VHDL-290)
Warning: A dummy net 'n_1664' is created to connect open pin 'Q'. (VHDL-290)
Warning: A dummy net 'n_1665' is created to connect open pin 'Q'. (VHDL-290)
Warning: A dummy net 'n_1666' is created to connect open pin 'Q'. (VHDL-290)
Warning: A dummy net 'n_1667' is created to connect open pin 'Q'. (VHDL-290)
Warning: A dummy net 'n_1668' is created to connect open pin 'Q'. (VHDL-290)
Warning: A dummy net 'n_1669' is created to connect open pin 'Q'. (VHDL-290)
Warning: A dummy net 'n_1670' is created to connect open pin 'Q'. (VHDL-290)
Warning: A dummy net 'n_1671' is created to connect open pin 'Q'. (VHDL-290)
Warning: A dummy net 'n_1672' is created to connect open pin 'Q'. (VHDL-290)
Warning: A dummy net 'n_1673' is created to connect open pin 'Q'. (VHDL-290)
Warning: A dummy net 'n_1674' is created to connect open pin 'Q'. (VHDL-290)
Warning: A dummy net 'n_1675' is created to connect open pin 'Q'. (VHDL-290)
Warning: A dummy net 'n_1676' is created to connect open pin 'Q'. (VHDL-290)
Warning: A dummy net 'n_1677' is created to connect open pin 'Q'. (VHDL-290)
Warning: A dummy net 'n_1678' is created to connect open pin 'Q'. (VHDL-290)
Warning: A dummy net 'n_1679' is created to connect open pin 'Q'. (VHDL-290)
Warning: A dummy net 'n_1680' is created to connect open pin 'Q'. (VHDL-290)
Warning: A dummy net 'n_1681' is created to connect open pin 'Q'. (VHDL-290)
Warning: A dummy net 'n_1682' is created to connect open pin 'Q'. (VHDL-290)
Warning: A dummy net 'n_1683' is created to connect open pin 'Q'. (VHDL-290)
Warning: A dummy net 'n_1684' is created to connect open pin 'Q'. (VHDL-290)
Warning: A dummy net 'n_1685' is created to connect open pin 'Q'. (VHDL-290)
Warning: A dummy net 'n_1686' is created to connect open pin 'Q'. (VHDL-290)
Warning: A dummy net 'n_1687' is created to connect open pin 'Q'. (VHDL-290)
Warning: A dummy net 'n_1688' is created to connect open pin 'Q'. (VHDL-290)
Warning: A dummy net 'n_1689' is created to connect open pin 'Q'. (VHDL-290)
Warning: A dummy net 'n_1690' is created to connect open pin 'Q'. (VHDL-290)
Warning: A dummy net 'n_1691' is created to connect open pin 'Q'. (VHDL-290)
Warning: A dummy net 'n_1692' is created to connect open pin 'Q'. (VHDL-290)
Warning: A dummy net 'n_1693' is created to connect open pin 'Q'. (VHDL-290)
Warning: A dummy net 'n_1694' is created to connect open pin 'Q'. (VHDL-290)
Warning: A dummy net 'n_1695' is created to connect open pin 'Q'. (VHDL-290)
Warning: A dummy net 'n_1696' is created to connect open pin 'Q'. (VHDL-290)
Warning: A dummy net 'n_1697' is created to connect open pin 'Q'. (VHDL-290)
Warning: A dummy net 'n_1698' is created to connect open pin 'Q'. (VHDL-290)
Warning: A dummy net 'n_1699' is created to connect open pin 'Q'. (VHDL-290)
Warning: A dummy net 'n_1700' is created to connect open pin 'Q'. (VHDL-290)
Warning: A dummy net 'n_1701' is created to connect open pin 'Q'. (VHDL-290)
Warning: A dummy net 'n_1702' is created to connect open pin 'Q'. (VHDL-290)
Warning: A dummy net 'n_1703' is created to connect open pin 'Q'. (VHDL-290)
Warning: A dummy net 'n_1704' is created to connect open pin 'Q'. (VHDL-290)
Warning: A dummy net 'n_1705' is created to connect open pin 'Q'. (VHDL-290)
Warning: A dummy net 'n_1706' is created to connect open pin 'Q'. (VHDL-290)
Warning: A dummy net 'n_1707' is created to connect open pin 'Q'. (VHDL-290)
Warning: A dummy net 'n_1708' is created to connect open pin 'Q'. (VHDL-290)
Warning: A dummy net 'n_1709' is created to connect open pin 'Q'. (VHDL-290)
Warning: A dummy net 'n_1710' is created to connect open pin 'Q'. (VHDL-290)
Warning: A dummy net 'n_1711' is created to connect open pin 'Q'. (VHDL-290)
Warning: A dummy net 'n_1712' is created to connect open pin 'Q'. (VHDL-290)
Warning: A dummy net 'n_1713' is created to connect open pin 'Q'. (VHDL-290)
Warning: A dummy net 'n_1714' is created to connect open pin 'Q'. (VHDL-290)
Warning: A dummy net 'n_1715' is created to connect open pin 'Q'. (VHDL-290)
Warning: A dummy net 'n_1716' is created to connect open pin 'Q'. (VHDL-290)
Warning: A dummy net 'n_1717' is created to connect open pin 'Q'. (VHDL-290)
Warning: A dummy net 'n_1718' is created to connect open pin 'Q'. (VHDL-290)
Warning: A dummy net 'n_1719' is created to connect open pin 'Q'. (VHDL-290)
Warning: A dummy net 'n_1720' is created to connect open pin 'Q'. (VHDL-290)
Warning: A dummy net 'n_1721' is created to connect open pin 'Q'. (VHDL-290)
Warning: A dummy net 'n_1722' is created to connect open pin 'Q'. (VHDL-290)
Warning: A dummy net 'n_1723' is created to connect open pin 'Q'. (VHDL-290)
Warning: A dummy net 'n_1724' is created to connect open pin 'Q'. (VHDL-290)
Warning: A dummy net 'n_1725' is created to connect open pin 'Q'. (VHDL-290)
Warning: A dummy net 'n_1726' is created to connect open pin 'Q'. (VHDL-290)
Warning: A dummy net 'n_1727' is created to connect open pin 'Q'. (VHDL-290)
Warning: A dummy net 'n_1728' is created to connect open pin 'Q'. (VHDL-290)
Warning: A dummy net 'n_1729' is created to connect open pin 'Q'. (VHDL-290)
Warning: A dummy net 'n_1730' is created to connect open pin 'Q'. (VHDL-290)
Warning: A dummy net 'n_1731' is created to connect open pin 'Q'. (VHDL-290)
Warning: A dummy net 'n_1732' is created to connect open pin 'Q'. (VHDL-290)
Warning: A dummy net 'n_1733' is created to connect open pin 'Q'. (VHDL-290)
Warning: A dummy net 'n_1734' is created to connect open pin 'Q'. (VHDL-290)
Warning: A dummy net 'n_1735' is created to connect open pin 'Q'. (VHDL-290)
Warning: A dummy net 'n_1736' is created to connect open pin 'Q'. (VHDL-290)
Warning: A dummy net 'n_1737' is created to connect open pin 'Q'. (VHDL-290)
Warning: A dummy net 'n_1738' is created to connect open pin 'Q'. (VHDL-290)
Warning: A dummy net 'n_1739' is created to connect open pin 'Q'. (VHDL-290)
Warning: A dummy net 'n_1740' is created to connect open pin 'Q'. (VHDL-290)
Warning: A dummy net 'n_1741' is created to connect open pin 'Q'. (VHDL-290)
Warning: A dummy net 'n_1742' is created to connect open pin 'Q'. (VHDL-290)
Warning: A dummy net 'n_1743' is created to connect open pin 'Q'. (VHDL-290)
Warning: A dummy net 'n_1744' is created to connect open pin 'Q'. (VHDL-290)
Warning: A dummy net 'n_1745' is created to connect open pin 'Q'. (VHDL-290)
Warning: A dummy net 'n_1746' is created to connect open pin 'Q'. (VHDL-290)
Warning: A dummy net 'n_1747' is created to connect open pin 'Q'. (VHDL-290)
Warning: A dummy net 'n_1748' is created to connect open pin 'Q'. (VHDL-290)
Warning: A dummy net 'n_1749' is created to connect open pin 'Q'. (VHDL-290)
Warning: A dummy net 'n_1750' is created to connect open pin 'Q'. (VHDL-290)
Warning: A dummy net 'n_1751' is created to connect open pin 'Q'. (VHDL-290)
Warning: A dummy net 'n_1752' is created to connect open pin 'Q'. (VHDL-290)
Warning: A dummy net 'n_1753' is created to connect open pin 'Q'. (VHDL-290)
Warning: A dummy net 'n_1754' is created to connect open pin 'Q'. (VHDL-290)
Warning: A dummy net 'n_1755' is created to connect open pin 'Q'. (VHDL-290)
Warning: A dummy net 'n_1756' is created to connect open pin 'Q'. (VHDL-290)
Warning: A dummy net 'n_1757' is created to connect open pin 'Q'. (VHDL-290)
Warning: A dummy net 'n_1758' is created to connect open pin 'Q'. (VHDL-290)
Warning: A dummy net 'n_1759' is created to connect open pin 'Q'. (VHDL-290)
Warning: A dummy net 'n_1760' is created to connect open pin 'Q'. (VHDL-290)
Warning: A dummy net 'n_1761' is created to connect open pin 'Q'. (VHDL-290)
Warning: A dummy net 'n_1762' is created to connect open pin 'Q'. (VHDL-290)
Warning: A dummy net 'n_1763' is created to connect open pin 'Q'. (VHDL-290)
Warning: A dummy net 'n_1764' is created to connect open pin 'Q'. (VHDL-290)
Warning: A dummy net 'n_1765' is created to connect open pin 'Q'. (VHDL-290)
Warning: A dummy net 'n_1766' is created to connect open pin 'Q'. (VHDL-290)
Warning: A dummy net 'n_1767' is created to connect open pin 'Q'. (VHDL-290)
Warning: A dummy net 'n_1768' is created to connect open pin 'Q'. (VHDL-290)
Warning: A dummy net 'n_1769' is created to connect open pin 'Q'. (VHDL-290)
Warning: A dummy net 'n_1770' is created to connect open pin 'Q'. (VHDL-290)
Warning: A dummy net 'n_1771' is created to connect open pin 'Q'. (VHDL-290)
Warning: A dummy net 'n_1772' is created to connect open pin 'Q'. (VHDL-290)
Warning: A dummy net 'n_1773' is created to connect open pin 'Q'. (VHDL-290)
Warning: A dummy net 'n_1774' is created to connect open pin 'Q'. (VHDL-290)
Warning: A dummy net 'n_1775' is created to connect open pin 'Q'. (VHDL-290)
Warning: A dummy net 'n_1776' is created to connect open pin 'Q'. (VHDL-290)
Warning: A dummy net 'n_1777' is created to connect open pin 'Q'. (VHDL-290)
Warning: A dummy net 'n_1778' is created to connect open pin 'Q'. (VHDL-290)
Warning: A dummy net 'n_1779' is created to connect open pin 'Q'. (VHDL-290)
Warning: A dummy net 'n_1780' is created to connect open pin 'Q'. (VHDL-290)
Warning: A dummy net 'n_1781' is created to connect open pin 'Q'. (VHDL-290)
Warning: A dummy net 'n_1782' is created to connect open pin 'Q'. (VHDL-290)
Warning: A dummy net 'n_1783' is created to connect open pin 'Q'. (VHDL-290)
Warning: A dummy net 'n_1784' is created to connect open pin 'Q'. (VHDL-290)
Warning: A dummy net 'n_1785' is created to connect open pin 'Q'. (VHDL-290)
Warning: A dummy net 'n_1786' is created to connect open pin 'Q'. (VHDL-290)
Warning: A dummy net 'n_1787' is created to connect open pin 'Q'. (VHDL-290)
Warning: A dummy net 'n_1788' is created to connect open pin 'Q'. (VHDL-290)
Warning: A dummy net 'n_1789' is created to connect open pin 'Q'. (VHDL-290)
Warning: A dummy net 'n_1790' is created to connect open pin 'Q'. (VHDL-290)
Warning: A dummy net 'n_1791' is created to connect open pin 'Q'. (VHDL-290)
Warning: A dummy net 'n_1792' is created to connect open pin 'Q'. (VHDL-290)
Warning: A dummy net 'n_1793' is created to connect open pin 'Q'. (VHDL-290)
Warning: A dummy net 'n_1794' is created to connect open pin 'Q'. (VHDL-290)
Warning: A dummy net 'n_1795' is created to connect open pin 'Q'. (VHDL-290)
Warning: A dummy net 'n_1796' is created to connect open pin 'Q'. (VHDL-290)
Warning: A dummy net 'n_1797' is created to connect open pin 'Q'. (VHDL-290)
Warning: A dummy net 'n_1798' is created to connect open pin 'Q'. (VHDL-290)
Warning: A dummy net 'n_1799' is created to connect open pin 'Q'. (VHDL-290)
Warning: A dummy net 'n_1800' is created to connect open pin 'Q'. (VHDL-290)
Warning: A dummy net 'n_1801' is created to connect open pin 'Q'. (VHDL-290)
Warning: A dummy net 'n_1802' is created to connect open pin 'Q'. (VHDL-290)
Warning: A dummy net 'n_1803' is created to connect open pin 'Q'. (VHDL-290)
Warning: A dummy net 'n_1804' is created to connect open pin 'Q'. (VHDL-290)
Warning: A dummy net 'n_1805' is created to connect open pin 'Q'. (VHDL-290)
Warning: A dummy net 'n_1806' is created to connect open pin 'Q'. (VHDL-290)
Warning: A dummy net 'n_1807' is created to connect open pin 'Q'. (VHDL-290)
Warning: A dummy net 'n_1808' is created to connect open pin 'Q'. (VHDL-290)
Warning: A dummy net 'n_1809' is created to connect open pin 'Q'. (VHDL-290)
Warning: A dummy net 'n_1810' is created to connect open pin 'Q'. (VHDL-290)
Warning: A dummy net 'n_1811' is created to connect open pin 'Q'. (VHDL-290)
Warning: A dummy net 'n_1812' is created to connect open pin 'Q'. (VHDL-290)
Warning: A dummy net 'n_1813' is created to connect open pin 'Q'. (VHDL-290)
Warning: A dummy net 'n_1814' is created to connect open pin 'Q'. (VHDL-290)
Warning: A dummy net 'n_1815' is created to connect open pin 'Q'. (VHDL-290)
Warning: A dummy net 'n_1816' is created to connect open pin 'Q'. (VHDL-290)
Warning: A dummy net 'n_1817' is created to connect open pin 'Q'. (VHDL-290)
Warning: A dummy net 'n_1818' is created to connect open pin 'Q'. (VHDL-290)
Warning: A dummy net 'n_1819' is created to connect open pin 'Q'. (VHDL-290)
Warning: A dummy net 'n_1820' is created to connect open pin 'Q'. (VHDL-290)
Warning: A dummy net 'n_1821' is created to connect open pin 'Q'. (VHDL-290)
Warning: A dummy net 'n_1822' is created to connect open pin 'Q'. (VHDL-290)
Warning: A dummy net 'n_1823' is created to connect open pin 'Q'. (VHDL-290)
Warning: A dummy net 'n_1824' is created to connect open pin 'Q'. (VHDL-290)
Warning: A dummy net 'n_1825' is created to connect open pin 'Q'. (VHDL-290)
Warning: A dummy net 'n_1826' is created to connect open pin 'Q'. (VHDL-290)
Warning: A dummy net 'n_1827' is created to connect open pin 'Q'. (VHDL-290)
Warning: A dummy net 'n_1828' is created to connect open pin 'Q'. (VHDL-290)
Warning: A dummy net 'n_1829' is created to connect open pin 'Q'. (VHDL-290)
Warning: A dummy net 'n_1830' is created to connect open pin 'Q'. (VHDL-290)
Warning: A dummy net 'n_1831' is created to connect open pin 'Q'. (VHDL-290)
Warning: A dummy net 'n_1832' is created to connect open pin 'Q'. (VHDL-290)
Warning: A dummy net 'n_1833' is created to connect open pin 'Q'. (VHDL-290)
Warning: A dummy net 'n_1834' is created to connect open pin 'Q'. (VHDL-290)
Warning: A dummy net 'n_1835' is created to connect open pin 'Q'. (VHDL-290)
Warning: A dummy net 'n_1836' is created to connect open pin 'Q'. (VHDL-290)
Warning: A dummy net 'n_1837' is created to connect open pin 'Q'. (VHDL-290)
Warning: A dummy net 'n_1838' is created to connect open pin 'Q'. (VHDL-290)
Warning: A dummy net 'n_1839' is created to connect open pin 'Q'. (VHDL-290)
Warning: A dummy net 'n_1840' is created to connect open pin 'Q'. (VHDL-290)
Warning: A dummy net 'n_1841' is created to connect open pin 'Q'. (VHDL-290)
Warning: A dummy net 'n_1842' is created to connect open pin 'Q'. (VHDL-290)
Warning: A dummy net 'n_1843' is created to connect open pin 'Q'. (VHDL-290)
Warning: A dummy net 'n_1844' is created to connect open pin 'Q'. (VHDL-290)
Warning: A dummy net 'n_1845' is created to connect open pin 'Q'. (VHDL-290)
Warning: A dummy net 'n_1846' is created to connect open pin 'Q'. (VHDL-290)
Warning: A dummy net 'n_1847' is created to connect open pin 'Q'. (VHDL-290)
Warning: A dummy net 'n_1848' is created to connect open pin 'Q'. (VHDL-290)
Warning: A dummy net 'n_1849' is created to connect open pin 'Q'. (VHDL-290)
Warning: A dummy net 'n_1850' is created to connect open pin 'Q'. (VHDL-290)
Warning: A dummy net 'n_1851' is created to connect open pin 'Q'. (VHDL-290)
Warning: A dummy net 'n_1852' is created to connect open pin 'Q'. (VHDL-290)
Warning: A dummy net 'n_1853' is created to connect open pin 'Q'. (VHDL-290)
Warning: A dummy net 'n_1854' is created to connect open pin 'Q'. (VHDL-290)
Warning: A dummy net 'n_1855' is created to connect open pin 'Q'. (VHDL-290)
Warning: A dummy net 'n_1856' is created to connect open pin 'Q'. (VHDL-290)
Warning: A dummy net 'n_1857' is created to connect open pin 'Q'. (VHDL-290)
Warning: A dummy net 'n_1858' is created to connect open pin 'Q'. (VHDL-290)
Warning: A dummy net 'n_1859' is created to connect open pin 'Q'. (VHDL-290)
Warning: A dummy net 'n_1860' is created to connect open pin 'Q'. (VHDL-290)
Warning: A dummy net 'n_1861' is created to connect open pin 'Q'. (VHDL-290)
Warning: A dummy net 'n_1862' is created to connect open pin 'Q'. (VHDL-290)
Warning: A dummy net 'n_1863' is created to connect open pin 'Q'. (VHDL-290)
Warning: A dummy net 'n_1864' is created to connect open pin 'Q'. (VHDL-290)
Warning: A dummy net 'n_1865' is created to connect open pin 'Q'. (VHDL-290)
Warning: A dummy net 'n_1866' is created to connect open pin 'Q'. (VHDL-290)
Warning: A dummy net 'n_1867' is created to connect open pin 'Q'. (VHDL-290)
Warning: A dummy net 'n_1868' is created to connect open pin 'Q'. (VHDL-290)
Warning: A dummy net 'n_1869' is created to connect open pin 'Q'. (VHDL-290)
Warning: A dummy net 'n_1870' is created to connect open pin 'Q'. (VHDL-290)
Warning: A dummy net 'n_1871' is created to connect open pin 'Q'. (VHDL-290)
Warning: A dummy net 'n_1872' is created to connect open pin 'Q'. (VHDL-290)
Warning: A dummy net 'n_1873' is created to connect open pin 'Q'. (VHDL-290)
Warning: A dummy net 'n_1874' is created to connect open pin 'Q'. (VHDL-290)
Warning: A dummy net 'n_1875' is created to connect open pin 'QN'. (VHDL-290)
Warning: A dummy net 'n_1876' is created to connect open pin 'QN'. (VHDL-290)
Warning: A dummy net 'n_1877' is created to connect open pin 'QN'. (VHDL-290)
Warning: A dummy net 'n_1878' is created to connect open pin 'QN'. (VHDL-290)
Warning: A dummy net 'n_1879' is created to connect open pin 'QN'. (VHDL-290)
Warning: A dummy net 'n_1880' is created to connect open pin 'QN'. (VHDL-290)
Warning: A dummy net 'n_1881' is created to connect open pin 'QN'. (VHDL-290)
Warning: A dummy net 'n_1882' is created to connect open pin 'QN'. (VHDL-290)
Warning: A dummy net 'n_1883' is created to connect open pin 'QN'. (VHDL-290)
Warning: A dummy net 'n_1884' is created to connect open pin 'QN'. (VHDL-290)
Warning: A dummy net 'n_1885' is created to connect open pin 'QN'. (VHDL-290)
Warning: A dummy net 'n_1886' is created to connect open pin 'QN'. (VHDL-290)
Warning: A dummy net 'n_1887' is created to connect open pin 'QN'. (VHDL-290)
Warning: A dummy net 'n_1888' is created to connect open pin 'QN'. (VHDL-290)
Warning: A dummy net 'n_1889' is created to connect open pin 'QN'. (VHDL-290)
Warning: A dummy net 'n_1890' is created to connect open pin 'QN'. (VHDL-290)
Warning: A dummy net 'n_1891' is created to connect open pin 'QN'. (VHDL-290)
Warning: A dummy net 'n_1892' is created to connect open pin 'QN'. (VHDL-290)
Warning: A dummy net 'n_1893' is created to connect open pin 'QN'. (VHDL-290)
Warning: A dummy net 'n_1894' is created to connect open pin 'QN'. (VHDL-290)
Warning: A dummy net 'n_1895' is created to connect open pin 'QN'. (VHDL-290)
Warning: A dummy net 'n_1896' is created to connect open pin 'QN'. (VHDL-290)
Warning: A dummy net 'n_1897' is created to connect open pin 'QN'. (VHDL-290)
Warning: A dummy net 'n_1898' is created to connect open pin 'QN'. (VHDL-290)
Warning: A dummy net 'n_1899' is created to connect open pin 'QN'. (VHDL-290)
Warning: A dummy net 'n_1900' is created to connect open pin 'QN'. (VHDL-290)
Warning: A dummy net 'n_1901' is created to connect open pin 'QN'. (VHDL-290)
Warning: A dummy net 'n_1902' is created to connect open pin 'QN'. (VHDL-290)
Warning: A dummy net 'n_1903' is created to connect open pin 'QN'. (VHDL-290)
Warning: A dummy net 'n_1904' is created to connect open pin 'QN'. (VHDL-290)
Warning: A dummy net 'n_1905' is created to connect open pin 'QN'. (VHDL-290)
Warning: A dummy net 'n_1906' is created to connect open pin 'QN'. (VHDL-290)
Warning: A dummy net 'n_1907' is created to connect open pin 'QN'. (VHDL-290)
Warning: A dummy net 'n_1908' is created to connect open pin 'QN'. (VHDL-290)
Warning: A dummy net 'n_1909' is created to connect open pin 'QN'. (VHDL-290)
Warning: A dummy net 'n_1910' is created to connect open pin 'QN'. (VHDL-290)
Warning: A dummy net 'n_1911' is created to connect open pin 'QN'. (VHDL-290)
Warning: A dummy net 'n_1912' is created to connect open pin 'QN'. (VHDL-290)
Warning: A dummy net 'n_1913' is created to connect open pin 'QN'. (VHDL-290)
Warning: A dummy net 'n_1914' is created to connect open pin 'QN'. (VHDL-290)
Warning: A dummy net 'n_1915' is created to connect open pin 'QN'. (VHDL-290)
Warning: A dummy net 'n_1916' is created to connect open pin 'Q'. (VHDL-290)
Warning: A dummy net 'n_1917' is created to connect open pin 'Q'. (VHDL-290)
Warning: A dummy net 'n_1918' is created to connect open pin 'Q'. (VHDL-290)
Warning: A dummy net 'n_1919' is created to connect open pin 'Q'. (VHDL-290)
Warning: A dummy net 'n_1920' is created to connect open pin 'Q'. (VHDL-290)
Warning: A dummy net 'n_1921' is created to connect open pin 'Q'. (VHDL-290)
Warning: A dummy net 'n_1922' is created to connect open pin 'Q'. (VHDL-290)
Warning: A dummy net 'n_1923' is created to connect open pin 'Q'. (VHDL-290)
Warning: A dummy net 'n_1924' is created to connect open pin 'Q'. (VHDL-290)
Warning: A dummy net 'n_1925' is created to connect open pin 'Q'. (VHDL-290)
Warning: A dummy net 'n_1926' is created to connect open pin 'Q'. (VHDL-290)
Warning: A dummy net 'n_1927' is created to connect open pin 'Q'. (VHDL-290)
Warning: A dummy net 'n_1928' is created to connect open pin 'Q'. (VHDL-290)
Warning: A dummy net 'n_1929' is created to connect open pin 'Q'. (VHDL-290)
Warning: A dummy net 'n_1930' is created to connect open pin 'Q'. (VHDL-290)
Warning: A dummy net 'n_1931' is created to connect open pin 'Q'. (VHDL-290)
Warning: A dummy net 'n_1932' is created to connect open pin 'Q'. (VHDL-290)
Warning: A dummy net 'n_1933' is created to connect open pin 'Q'. (VHDL-290)
Warning: A dummy net 'n_1934' is created to connect open pin 'Q'. (VHDL-290)
Warning: A dummy net 'n_1935' is created to connect open pin 'Q'. (VHDL-290)
Warning: A dummy net 'n_1936' is created to connect open pin 'Q'. (VHDL-290)
Warning: A dummy net 'n_1937' is created to connect open pin 'Q'. (VHDL-290)
Warning: A dummy net 'n_1938' is created to connect open pin 'Q'. (VHDL-290)
Warning: A dummy net 'n_1939' is created to connect open pin 'Q'. (VHDL-290)
Warning: A dummy net 'n_1940' is created to connect open pin 'Q'. (VHDL-290)
Warning: A dummy net 'n_1941' is created to connect open pin 'Q'. (VHDL-290)
Warning: A dummy net 'n_1942' is created to connect open pin 'Q'. (VHDL-290)
Warning: A dummy net 'n_1943' is created to connect open pin 'Q'. (VHDL-290)
Warning: A dummy net 'n_1944' is created to connect open pin 'Q'. (VHDL-290)
Warning: A dummy net 'n_1945' is created to connect open pin 'Q'. (VHDL-290)
Warning: A dummy net 'n_1946' is created to connect open pin 'Q'. (VHDL-290)
Warning: A dummy net 'n_1947' is created to connect open pin 'Q'. (VHDL-290)
Warning: A dummy net 'n_1948' is created to connect open pin 'Q'. (VHDL-290)
Warning: A dummy net 'n_1949' is created to connect open pin 'Q'. (VHDL-290)
Warning: A dummy net 'n_1950' is created to connect open pin 'Q'. (VHDL-290)
Warning: A dummy net 'n_1951' is created to connect open pin 'Q'. (VHDL-290)
Warning: A dummy net 'n_1952' is created to connect open pin 'Q'. (VHDL-290)
Warning: A dummy net 'n_1953' is created to connect open pin 'Q'. (VHDL-290)
Warning: A dummy net 'n_1954' is created to connect open pin 'Q'. (VHDL-290)
Warning: A dummy net 'n_1955' is created to connect open pin 'Q'. (VHDL-290)
Warning: A dummy net 'n_1956' is created to connect open pin 'Q'. (VHDL-290)
Warning: A dummy net 'n_1957' is created to connect open pin 'Q'. (VHDL-290)
Warning: A dummy net 'n_1958' is created to connect open pin 'Q'. (VHDL-290)
Warning: A dummy net 'n_1959' is created to connect open pin 'Q'. (VHDL-290)
Warning: A dummy net 'n_1960' is created to connect open pin 'Q'. (VHDL-290)
Warning: A dummy net 'n_1961' is created to connect open pin 'Q'. (VHDL-290)
Warning: A dummy net 'n_1962' is created to connect open pin 'Q'. (VHDL-290)
Warning: A dummy net 'n_1963' is created to connect open pin 'Q'. (VHDL-290)
Warning: A dummy net 'n_1964' is created to connect open pin 'Q'. (VHDL-290)
Warning: A dummy net 'n_1965' is created to connect open pin 'Q'. (VHDL-290)
Warning: A dummy net 'n_1966' is created to connect open pin 'Q'. (VHDL-290)
Warning: A dummy net 'n_1967' is created to connect open pin 'Q'. (VHDL-290)
Warning: A dummy net 'n_1968' is created to connect open pin 'Q'. (VHDL-290)
Warning: A dummy net 'n_1969' is created to connect open pin 'Q'. (VHDL-290)
Warning: A dummy net 'n_1970' is created to connect open pin 'Q'. (VHDL-290)
Warning: A dummy net 'n_1971' is created to connect open pin 'Q'. (VHDL-290)
Warning: A dummy net 'n_1972' is created to connect open pin 'Q'. (VHDL-290)
Warning: A dummy net 'n_1973' is created to connect open pin 'Q'. (VHDL-290)
Warning: A dummy net 'n_1974' is created to connect open pin 'Q'. (VHDL-290)
Warning: A dummy net 'n_1975' is created to connect open pin 'Q'. (VHDL-290)
Warning: A dummy net 'n_1976' is created to connect open pin 'Q'. (VHDL-290)
Warning: A dummy net 'n_1977' is created to connect open pin 'Q'. (VHDL-290)
Warning: A dummy net 'n_1978' is created to connect open pin 'Q'. (VHDL-290)
Warning: A dummy net 'n_1979' is created to connect open pin 'Q'. (VHDL-290)
Warning: A dummy net 'n_1980' is created to connect open pin 'Q'. (VHDL-290)
Warning: A dummy net 'n_1981' is created to connect open pin 'Q'. (VHDL-290)
Warning: A dummy net 'n_1982' is created to connect open pin 'Q'. (VHDL-290)
Warning: A dummy net 'n_1983' is created to connect open pin 'Q'. (VHDL-290)
Warning: A dummy net 'n_1984' is created to connect open pin 'Q'. (VHDL-290)
Warning: A dummy net 'n_1985' is created to connect open pin 'Q'. (VHDL-290)
Warning: A dummy net 'n_1986' is created to connect open pin 'Q'. (VHDL-290)
Warning: A dummy net 'n_1987' is created to connect open pin 'Q'. (VHDL-290)
Warning: A dummy net 'n_1988' is created to connect open pin 'Q'. (VHDL-290)
Warning: A dummy net 'n_1989' is created to connect open pin 'Q'. (VHDL-290)
Warning: A dummy net 'n_1990' is created to connect open pin 'Q'. (VHDL-290)
Warning: A dummy net 'n_1991' is created to connect open pin 'Q'. (VHDL-290)
Warning: A dummy net 'n_1992' is created to connect open pin 'Q'. (VHDL-290)
Warning: A dummy net 'n_1993' is created to connect open pin 'Q'. (VHDL-290)
Warning: A dummy net 'n_1994' is created to connect open pin 'Q'. (VHDL-290)
Warning: A dummy net 'n_1995' is created to connect open pin 'Q'. (VHDL-290)
Warning: A dummy net 'n_1996' is created to connect open pin 'Q'. (VHDL-290)
Warning: A dummy net 'n_1997' is created to connect open pin 'Q'. (VHDL-290)
Warning: A dummy net 'n_1998' is created to connect open pin 'Q'. (VHDL-290)
Warning: A dummy net 'n_1999' is created to connect open pin 'Q'. (VHDL-290)
Warning: A dummy net 'n_2000' is created to connect open pin 'Q'. (VHDL-290)
Warning: A dummy net 'n_2001' is created to connect open pin 'Q'. (VHDL-290)
Warning: A dummy net 'n_2002' is created to connect open pin 'Q'. (VHDL-290)
Warning: A dummy net 'n_2003' is created to connect open pin 'Q'. (VHDL-290)
Warning: A dummy net 'n_2004' is created to connect open pin 'Q'. (VHDL-290)
Warning: A dummy net 'n_2005' is created to connect open pin 'Q'. (VHDL-290)
Warning: A dummy net 'n_2006' is created to connect open pin 'Q'. (VHDL-290)
Warning: A dummy net 'n_2007' is created to connect open pin 'Q'. (VHDL-290)
Warning: A dummy net 'n_2008' is created to connect open pin 'Q'. (VHDL-290)
Warning: A dummy net 'n_2009' is created to connect open pin 'Q'. (VHDL-290)
Warning: A dummy net 'n_2010' is created to connect open pin 'Q'. (VHDL-290)
Warning: A dummy net 'n_2011' is created to connect open pin 'Q'. (VHDL-290)
Warning: A dummy net 'n_2012' is created to connect open pin 'Q'. (VHDL-290)
Warning: A dummy net 'n_2013' is created to connect open pin 'Q'. (VHDL-290)
Warning: A dummy net 'n_2014' is created to connect open pin 'Q'. (VHDL-290)
Warning: A dummy net 'n_2015' is created to connect open pin 'QN'. (VHDL-290)
Warning: A dummy net 'n_2016' is created to connect open pin 'QN'. (VHDL-290)
Warning: A dummy net 'n_2017' is created to connect open pin 'QN'. (VHDL-290)
Warning: A dummy net 'n_2018' is created to connect open pin 'QN'. (VHDL-290)
Warning: A dummy net 'n_2019' is created to connect open pin 'QN'. (VHDL-290)
Warning: A dummy net 'n_2020' is created to connect open pin 'QN'. (VHDL-290)
Warning: A dummy net 'n_2021' is created to connect open pin 'QN'. (VHDL-290)
Warning: A dummy net 'n_2022' is created to connect open pin 'QN'. (VHDL-290)
Warning: A dummy net 'n_2023' is created to connect open pin 'QN'. (VHDL-290)
Warning: A dummy net 'n_2024' is created to connect open pin 'QN'. (VHDL-290)
Warning: A dummy net 'n_2025' is created to connect open pin 'QN'. (VHDL-290)
Warning: A dummy net 'n_2026' is created to connect open pin 'QN'. (VHDL-290)
Warning: A dummy net 'n_2027' is created to connect open pin 'QN'. (VHDL-290)
Warning: A dummy net 'n_2028' is created to connect open pin 'QN'. (VHDL-290)
Warning: A dummy net 'n_2029' is created to connect open pin 'Q'. (VHDL-290)
Warning: A dummy net 'n_2030' is created to connect open pin 'Q'. (VHDL-290)
Warning: A dummy net 'n_2031' is created to connect open pin 'QN'. (VHDL-290)
Warning: A dummy net 'n_2032' is created to connect open pin 'QN'. (VHDL-290)
Warning: A dummy net 'n_2033' is created to connect open pin 'QN'. (VHDL-290)
Warning: A dummy net 'n_2034' is created to connect open pin 'QN'. (VHDL-290)
Warning: A dummy net 'n_2035' is created to connect open pin 'QN'. (VHDL-290)
Warning: A dummy net 'n_2036' is created to connect open pin 'QN'. (VHDL-290)
Warning: A dummy net 'n_2037' is created to connect open pin 'QN'. (VHDL-290)
Warning: A dummy net 'n_2038' is created to connect open pin 'QN'. (VHDL-290)
Warning: A dummy net 'n_2039' is created to connect open pin 'QN'. (VHDL-290)
Warning: A dummy net 'n_2040' is created to connect open pin 'QN'. (VHDL-290)
Warning: A dummy net 'n_2041' is created to connect open pin 'QN'. (VHDL-290)
Warning: A dummy net 'n_2042' is created to connect open pin 'QN'. (VHDL-290)
Warning: A dummy net 'n_2043' is created to connect open pin 'QN'. (VHDL-290)
Warning: A dummy net 'n_2044' is created to connect open pin 'QN'. (VHDL-290)
Warning: A dummy net 'n_2045' is created to connect open pin 'QN'. (VHDL-290)
Warning: A dummy net 'n_2046' is created to connect open pin 'QN'. (VHDL-290)
Warning: A dummy net 'n_2047' is created to connect open pin 'QN'. (VHDL-290)
Warning: A dummy net 'n_2048' is created to connect open pin 'QN'. (VHDL-290)
Warning: A dummy net 'n_2049' is created to connect open pin 'QN'. (VHDL-290)
Warning: A dummy net 'n_2050' is created to connect open pin 'QN'. (VHDL-290)
Warning: A dummy net 'n_2051' is created to connect open pin 'QN'. (VHDL-290)
Warning: A dummy net 'n_2052' is created to connect open pin 'QN'. (VHDL-290)
Warning: A dummy net 'n_2053' is created to connect open pin 'QN'. (VHDL-290)
Warning: A dummy net 'n_2054' is created to connect open pin 'Q'. (VHDL-290)
Warning: A dummy net 'n_2055' is created to connect open pin 'QN'. (VHDL-290)
Warning: A dummy net 'n_2056' is created to connect open pin 'QN'. (VHDL-290)
Warning: A dummy net 'n_2057' is created to connect open pin 'QN'. (VHDL-290)
Warning: A dummy net 'n_2058' is created to connect open pin 'QN'. (VHDL-290)
Warning: A dummy net 'n_2059' is created to connect open pin 'QN'. (VHDL-290)
Warning: A dummy net 'n_2060' is created to connect open pin 'QN'. (VHDL-290)
Warning: A dummy net 'n_2061' is created to connect open pin 'QN'. (VHDL-290)
Warning: A dummy net 'n_2062' is created to connect open pin 'QN'. (VHDL-290)
Warning: A dummy net 'n_2063' is created to connect open pin 'QN'. (VHDL-290)
Warning: A dummy net 'n_2064' is created to connect open pin 'QN'. (VHDL-290)
Warning: A dummy net 'n_2065' is created to connect open pin 'QN'. (VHDL-290)
Warning: A dummy net 'n_2066' is created to connect open pin 'QN'. (VHDL-290)
Warning: A dummy net 'n_2067' is created to connect open pin 'QN'. (VHDL-290)
Warning: A dummy net 'n_2068' is created to connect open pin 'QN'. (VHDL-290)
Warning: A dummy net 'n_2069' is created to connect open pin 'QN'. (VHDL-290)
Warning: A dummy net 'n_2070' is created to connect open pin 'QN'. (VHDL-290)
Warning: A dummy net 'n_2071' is created to connect open pin 'QN'. (VHDL-290)
Warning: A dummy net 'n_2072' is created to connect open pin 'QN'. (VHDL-290)
Warning: A dummy net 'n_2073' is created to connect open pin 'QN'. (VHDL-290)
Warning: A dummy net 'n_2074' is created to connect open pin 'QN'. (VHDL-290)
Warning: A dummy net 'n_2075' is created to connect open pin 'QN'. (VHDL-290)
Warning: A dummy net 'n_2076' is created to connect open pin 'QN'. (VHDL-290)
Warning: A dummy net 'n_2077' is created to connect open pin 'QN'. (VHDL-290)
Warning: A dummy net 'n_2078' is created to connect open pin 'QN'. (VHDL-290)
Warning: A dummy net 'n_2079' is created to connect open pin 'QN'. (VHDL-290)
Warning: A dummy net 'n_2080' is created to connect open pin 'QN'. (VHDL-290)
Warning: A dummy net 'n_2081' is created to connect open pin 'QN'. (VHDL-290)
Warning: A dummy net 'n_2082' is created to connect open pin 'QN'. (VHDL-290)
Warning: A dummy net 'n_2083' is created to connect open pin 'QN'. (VHDL-290)
Warning: A dummy net 'n_2084' is created to connect open pin 'QN'. (VHDL-290)
Warning: A dummy net 'n_2085' is created to connect open pin 'QN'. (VHDL-290)
Warning: A dummy net 'n_2086' is created to connect open pin 'QN'. (VHDL-290)
Warning: A dummy net 'n_2087' is created to connect open pin 'QN'. (VHDL-290)
Warning: A dummy net 'n_2088' is created to connect open pin 'QN'. (VHDL-290)
Warning: A dummy net 'n_2089' is created to connect open pin 'QN'. (VHDL-290)
Warning: A dummy net 'n_2090' is created to connect open pin 'QN'. (VHDL-290)
Warning: A dummy net 'n_2091' is created to connect open pin 'QN'. (VHDL-290)
Warning: A dummy net 'n_2092' is created to connect open pin 'QN'. (VHDL-290)
Warning: A dummy net 'n_2093' is created to connect open pin 'QN'. (VHDL-290)
Warning: A dummy net 'n_2094' is created to connect open pin 'QN'. (VHDL-290)
Warning: A dummy net 'n_2095' is created to connect open pin 'QN'. (VHDL-290)
Warning: A dummy net 'n_2096' is created to connect open pin 'QN'. (VHDL-290)
Warning: A dummy net 'n_2097' is created to connect open pin 'QN'. (VHDL-290)
Warning: A dummy net 'n_2098' is created to connect open pin 'QN'. (VHDL-290)
Warning: A dummy net 'n_2099' is created to connect open pin 'QN'. (VHDL-290)
Warning: A dummy net 'n_2100' is created to connect open pin 'QN'. (VHDL-290)
Warning: A dummy net 'n_2101' is created to connect open pin 'QN'. (VHDL-290)
Warning: A dummy net 'n_2102' is created to connect open pin 'QN'. (VHDL-290)
Warning: A dummy net 'n_2103' is created to connect open pin 'QN'. (VHDL-290)
Warning: A dummy net 'n_2104' is created to connect open pin 'QN'. (VHDL-290)
Warning: A dummy net 'n_2105' is created to connect open pin 'QN'. (VHDL-290)
Warning: A dummy net 'n_2106' is created to connect open pin 'QN'. (VHDL-290)
Warning: A dummy net 'n_2107' is created to connect open pin 'QN'. (VHDL-290)
Warning: A dummy net 'n_2108' is created to connect open pin 'QN'. (VHDL-290)
Warning: A dummy net 'n_2109' is created to connect open pin 'QN'. (VHDL-290)
Warning: A dummy net 'n_2110' is created to connect open pin 'QN'. (VHDL-290)
Warning: A dummy net 'n_2111' is created to connect open pin 'QN'. (VHDL-290)
Warning: A dummy net 'n_2112' is created to connect open pin 'QN'. (VHDL-290)
Warning: A dummy net 'n_2113' is created to connect open pin 'QN'. (VHDL-290)
Warning: A dummy net 'n_2114' is created to connect open pin 'QN'. (VHDL-290)
Warning: A dummy net 'n_2115' is created to connect open pin 'QN'. (VHDL-290)
Warning: A dummy net 'n_2116' is created to connect open pin 'QN'. (VHDL-290)
Warning: A dummy net 'n_2117' is created to connect open pin 'QN'. (VHDL-290)
Warning: A dummy net 'n_2118' is created to connect open pin 'QN'. (VHDL-290)
Warning: A dummy net 'n_2119' is created to connect open pin 'QN'. (VHDL-290)
Warning: A dummy net 'n_2120' is created to connect open pin 'QN'. (VHDL-290)
Warning: A dummy net 'n_2121' is created to connect open pin 'QN'. (VHDL-290)
Warning: A dummy net 'n_2122' is created to connect open pin 'QN'. (VHDL-290)
Warning: A dummy net 'n_2123' is created to connect open pin 'QN'. (VHDL-290)
Warning: A dummy net 'n_2124' is created to connect open pin 'QN'. (VHDL-290)
Warning: A dummy net 'n_2125' is created to connect open pin 'QN'. (VHDL-290)
Warning: A dummy net 'n_2126' is created to connect open pin 'QN'. (VHDL-290)
Warning: A dummy net 'n_2127' is created to connect open pin 'QN'. (VHDL-290)
Warning: A dummy net 'n_2128' is created to connect open pin 'QN'. (VHDL-290)
Warning: A dummy net 'n_2129' is created to connect open pin 'QN'. (VHDL-290)
Warning: A dummy net 'n_2130' is created to connect open pin 'QN'. (VHDL-290)
Warning: A dummy net 'n_2131' is created to connect open pin 'QN'. (VHDL-290)
Warning: A dummy net 'n_2132' is created to connect open pin 'QN'. (VHDL-290)
Warning: A dummy net 'n_2133' is created to connect open pin 'QN'. (VHDL-290)
Warning: A dummy net 'n_2134' is created to connect open pin 'QN'. (VHDL-290)
Warning: A dummy net 'n_2135' is created to connect open pin 'QN'. (VHDL-290)
Warning: A dummy net 'n_2136' is created to connect open pin 'QN'. (VHDL-290)
Warning: A dummy net 'n_2137' is created to connect open pin 'QN'. (VHDL-290)
Warning: A dummy net 'n_2138' is created to connect open pin 'QN'. (VHDL-290)
Warning: A dummy net 'n_2139' is created to connect open pin 'QN'. (VHDL-290)
Warning: A dummy net 'n_2140' is created to connect open pin 'QN'. (VHDL-290)
Warning: A dummy net 'n_2141' is created to connect open pin 'QN'. (VHDL-290)
Warning: A dummy net 'n_2142' is created to connect open pin 'QN'. (VHDL-290)
Warning: A dummy net 'n_2143' is created to connect open pin 'QN'. (VHDL-290)
Warning: A dummy net 'n_2144' is created to connect open pin 'QN'. (VHDL-290)
Warning: A dummy net 'n_2145' is created to connect open pin 'QN'. (VHDL-290)
Warning: A dummy net 'n_2146' is created to connect open pin 'QN'. (VHDL-290)
Warning: A dummy net 'n_2147' is created to connect open pin 'QN'. (VHDL-290)
Warning: A dummy net 'n_2148' is created to connect open pin 'QN'. (VHDL-290)
Warning: A dummy net 'n_2149' is created to connect open pin 'QN'. (VHDL-290)
Warning: A dummy net 'n_2150' is created to connect open pin 'QN'. (VHDL-290)
Warning: A dummy net 'n_2151' is created to connect open pin 'QN'. (VHDL-290)
Warning: A dummy net 'n_2152' is created to connect open pin 'QN'. (VHDL-290)
Warning: A dummy net 'n_2153' is created to connect open pin 'QN'. (VHDL-290)
Warning: A dummy net 'n_2154' is created to connect open pin 'QN'. (VHDL-290)
Warning: A dummy net 'n_2155' is created to connect open pin 'QN'. (VHDL-290)
Warning: A dummy net 'n_2156' is created to connect open pin 'QN'. (VHDL-290)
Warning: A dummy net 'n_2157' is created to connect open pin 'QN'. (VHDL-290)
Warning: A dummy net 'n_2158' is created to connect open pin 'QN'. (VHDL-290)
Warning: A dummy net 'n_2159' is created to connect open pin 'QN'. (VHDL-290)
Warning: A dummy net 'n_2160' is created to connect open pin 'QN'. (VHDL-290)
Warning: A dummy net 'n_2161' is created to connect open pin 'QN'. (VHDL-290)
Warning: A dummy net 'n_2162' is created to connect open pin 'QN'. (VHDL-290)
Warning: A dummy net 'n_2163' is created to connect open pin 'QN'. (VHDL-290)
Warning: A dummy net 'n_2164' is created to connect open pin 'QN'. (VHDL-290)
Warning: A dummy net 'n_2165' is created to connect open pin 'QN'. (VHDL-290)
Warning: A dummy net 'n_2166' is created to connect open pin 'QN'. (VHDL-290)
Warning: A dummy net 'n_2167' is created to connect open pin 'QN'. (VHDL-290)
Warning: A dummy net 'n_2168' is created to connect open pin 'QN'. (VHDL-290)
Warning: Verilog 'assign' or 'tran' statements are written out. (VO-4)
