
################################################################################
#
# This file has been generated by SpyGlass:
#     Report Name      : moresimple
#     Report Created by: xph3app606
#     Report Created on:  Wed Dec 20 16:42:12 2017
#     Working Directory: /tp/xph3app/xph3app606/RISC-V-Core-32-bits/CORE/spyglass
#     SpyGlass Version : 5.6.0
#     Policy Name      : SpyGlass(5.6.0)
#                        clock-reset(5.6.0)
#                        latch(5.6.0)
#                        morelint(5.6.0)
#                        openmore(5.6.0)
#                        power_est(5.6.0)
#                        starc(5.6.0)
#                        timing(5.6.0)
#                        txv(5.6.0)
#
#     Total Number of Generated Messages :         16
#     Number of Waived Messages          :          0
#     Number of Reported Messages        :         16
#     Number of Overlimit Messages       :          0
#
#
################################################################################

+++++++++++++++++++++++++++++++++++++++++++++++++++++++++++++++++++++++
MORESIMPLE REPORT:
############### FATAL MESSAGES ############### 
+++++++++++++++++++++++++++++++++++++++++++++++++++++++++++++++++++++++++++++++++
ID       Rule         Alias        Severity    File                                                                                  Line    Wt      Message
======================================================================================
[1]      STX_VH_11    STX_VH_11    Syntax      /tp/xph3app/xph3app606/RISC-V-Core-32-bits/CORE/design/vhd/alu.vhd                    9       1000    Use of undeclared identifier 'c_NBITS'
[3]      STX_VH_11    STX_VH_11    Syntax      /tp/xph3app/xph3app606/RISC-V-Core-32-bits/CORE/design/vhd/core.vhd                   11      1000    Use of undeclared identifier 'c_NBITS'
[5]      STX_VH_11    STX_VH_11    Syntax      /tp/xph3app/xph3app606/RISC-V-Core-32-bits/CORE/design/vhd/counter_calculation.vhd    13      1000    Use of undeclared identifier 'c_NBITS'
[7]      STX_VH_11    STX_VH_11    Syntax      /tp/xph3app/xph3app606/RISC-V-Core-32-bits/CORE/design/vhd/decode.vhd                 11      1000    Use of undeclared identifier 'c_NBITS'
[9]      STX_VH_11    STX_VH_11    Syntax      /tp/xph3app/xph3app606/RISC-V-Core-32-bits/CORE/design/vhd/execute.vhd                11      1000    Use of undeclared identifier 'c_NBITS'
[B]      STX_VH_11    STX_VH_11    Syntax      /tp/xph3app/xph3app606/RISC-V-Core-32-bits/CORE/design/vhd/fetch.vhd                  11      1000    Use of undeclared identifier 'c_NBITS'
[D]      STX_VH_11    STX_VH_11    Syntax      /tp/xph3app/xph3app606/RISC-V-Core-32-bits/CORE/design/vhd/memory_access.vhd          11      1000    Use of undeclared identifier 'c_NBITS'
[F]      STX_VH_11    STX_VH_11    Syntax      /tp/xph3app/xph3app606/RISC-V-Core-32-bits/CORE/design/vhd/registerfile.vhd           11      1000    Use of undeclared identifier 'c_SELECTREGISTERBITS'
+++++++++++++++++++++++++++++++++++++++++++++++++++++++++++++++++++++++++++++++++++++++


############### BuiltIn -> RuleGroup=Design Read ###############
+++++++++++++++++++++++++++++++++++++++++++++++++++++++++++++++++++++++++++++++++++++++
ID       Rule       Alias      Severity       File                                                                                  Line    Wt      Message
======================================================================================
[0]      WRN_384    WRN_384    LangWarning    /tp/xph3app/xph3app606/RISC-V-Core-32-bits/CORE/design/vhd/alu.vhd                    7       1000    RISCV_CORE_CONFIG does not denote a library or package
[2]      WRN_384    WRN_384    LangWarning    /tp/xph3app/xph3app606/RISC-V-Core-32-bits/CORE/design/vhd/core.vhd                   7       1000    RISCV_CORE_CONFIG does not denote a library or package
[4]      WRN_384    WRN_384    LangWarning    /tp/xph3app/xph3app606/RISC-V-Core-32-bits/CORE/design/vhd/counter_calculation.vhd    7       1000    RISCV_CORE_CONFIG does not denote a library or package
[6]      WRN_384    WRN_384    LangWarning    /tp/xph3app/xph3app606/RISC-V-Core-32-bits/CORE/design/vhd/decode.vhd                 7       1000    RISCV_CORE_CONFIG does not denote a library or package
[8]      WRN_384    WRN_384    LangWarning    /tp/xph3app/xph3app606/RISC-V-Core-32-bits/CORE/design/vhd/execute.vhd                7       1000    RISCV_CORE_CONFIG does not denote a library or package
[A]      WRN_384    WRN_384    LangWarning    /tp/xph3app/xph3app606/RISC-V-Core-32-bits/CORE/design/vhd/fetch.vhd                  7       1000    RISCV_CORE_CONFIG does not denote a library or package
[C]      WRN_384    WRN_384    LangWarning    /tp/xph3app/xph3app606/RISC-V-Core-32-bits/CORE/design/vhd/memory_access.vhd          7       1000    RISCV_CORE_CONFIG does not denote a library or package
[E]      WRN_384    WRN_384    LangWarning    /tp/xph3app/xph3app606/RISC-V-Core-32-bits/CORE/design/vhd/registerfile.vhd           7       1000    RISCV_CORE_CONFIG does not denote a library or package
+++++++++++++++++++++++++++++++++++++++++++++++++++++++++++++++++++++++++++++++++++++++
