
################################################################################
#
# This file has been generated by SpyGlass:
#     Report Name      : moresimple
#     Report Created by: xph3app606
#     Report Created on:  Thu Jan 11 09:32:31 2018
#     Working Directory: /tp/xph3app/xph3app606/RISC-V-Core-32-bits/CORE/spyglass
#     SpyGlass Version : 5.6.0
#     Policy Name      : SpyGlass(5.6.0)
#                        erc(5.6.0)
#                        latch(5.6.0)
#                        lint(5.6.0)
#                        morelint(5.6.0)
#                        openmore(5.6.0)
#                        simulation(5.6.0)
#                        starc(5.6.0)
#                        starc2005(5.6.0)
#                        timing(5.6.0)
#
#     Total Number of Generated Messages :          7
#     Number of Waived Messages          :          0
#     Number of Reported Messages        :          7
#     Number of Overlimit Messages       :          0
#
#
################################################################################

+++++++++++++++++++++++++++++++++++++++++++++++++++++++++++++++++++++++
MORESIMPLE REPORT:


############### BuiltIn -> RuleGroup=Design Read ###############
+++++++++++++++++++++++++++++++++++++++++++++++++++++++++++++++++++++++++++++++++++++++
ID       Rule                    Alias                   Severity    File                                                                     Line    Wt    Message
======================================================================================
[1]      DetectTopDesignUnits    DetectTopDesignUnits    Info        ../design/vhd/pipeline.vhd                                               20      2     Architecture pipeline.pipeline_arch is a top level design unit
[0]      ElabSummary             ElabSummary             Info        ./spyglass-1/lint/lint_rtl/spyglass_reports/SpyGlass/elab_summary.rpt    0       2     Please refer file './spyglass-1/lint/lint_rtl/spyglass_reports/SpyGlass/elab_summary.rpt' for elab summary report
+++++++++++++++++++++++++++++++++++++++++++++++++++++++++++++++++++++++++++++++++++++++


############### Non-BuiltIn -> Goal=lint/lint_rtl ###############
+++++++++++++++++++++++++++++++++++++++++++++++++++++++++++++++++++++++++++++++++++++++
ID       Rule    Alias    Severity    File                                                                      Line    Wt    Message
======================================================================================
[3]      W240             Warning     ../design/vhd/writeback.vhd                                               9       2     Not all the elements of in port 'i_rstn' are read. [Hierarchy: ':pipeline(pipeline_arch):writeback1@writeback(writeback_arch):']
[4]      W240             Warning     ../design/vhd/writeback.vhd                                               10      2     Not all the elements of in port 'i_clk' are read. [Hierarchy: ':pipeline(pipeline_arch):writeback1@writeback(writeback_arch):']
[6]      W240             Warning     ../design/vhd/writeback.vhd                                               11      2     Not all the elements of in port 'i_pc' (Bits: 31:0) are read. [Hierarchy: ':pipeline(pipeline_arch):writeback1@writeback(writeback_arch):']
[7]      W240             Warning     ../design/vhd/writeback.vhd                                               12      2     Not all the elements of in port 'i_inst' (Bits: 31:12) are read. [Hierarchy: ':pipeline(pipeline_arch):writeback1@writeback(writeback_arch):']
[5]      W240             Info        ./spyglass-1/lint/lint_rtl/spyglass_reports/lint/SignalUsageReport.rpt    0       2     Please refer to 'SignalUsageReport.rpt' for details of violating bits
+++++++++++++++++++++++++++++++++++++++++++++++++++++++++++++++++++++++++++++++++++++++
