 
****************************************
Report : area
Design : pipeline
Version: J-2014.09-SP2
Date   : Fri Jan 19 09:42:56 2018
****************************************

Library(s) Used:

    c35_CORELIB_TYP (File: /softslin/AMS_410_CDS/synopsys/c35_3.3V/c35_CORELIB_TYP.db)

Number of ports:                          202
Number of nets:                           936
Number of cells:                           47
Number of combinational cells:             38
Number of sequential cells:                 0
Number of macros/black boxes:               0
Number of buf/inv:                         35
Number of references:                      15

Combinational area:             530165.997498
Buf/Inv area:                   117881.400742
Noncombinational area:          468122.183929
Macro/Black Box area:                0.000000
Net Interconnect area:          188343.000000

Total cell area:                998288.181427
Total area:                    1186631.181427
1
