Loading db file '/softslin/AMS_410_CDS/synopsys/c35_3.3V/c35_CORELIB_TYP.db'
Information: Propagating switching activity (low effort zero delay simulation). (PWR-6)
Warning: Design has unannotated primary inputs. (PWR-414)
Warning: Design has unannotated sequential cell outputs. (PWR-415)
 
****************************************
Report : power
        -analysis_effort low
Design : pipeline
Version: J-2014.09-SP2
Date   : Fri Jan 19 09:42:57 2018
****************************************


Library(s) Used:

    c35_CORELIB_TYP (File: /softslin/AMS_410_CDS/synopsys/c35_3.3V/c35_CORELIB_TYP.db)


Operating Conditions: WORST   Library: c35_CORELIB_TYP
Wire Load Model Mode: enclosed

Design        Wire Load Model            Library
------------------------------------------------
pipeline               10k               c35_CORELIB_TYP
pc                     10k               c35_CORELIB_TYP
fetch                  10k               c35_CORELIB_TYP
reg_integer            10k               c35_CORELIB_TYP
decode                 10k               c35_CORELIB_TYP
execute                10k               c35_CORELIB_TYP
memory_access          10k               c35_CORELIB_TYP
writeback              10k               c35_CORELIB_TYP
cache_controller_0     10k               c35_CORELIB_TYP
alu                    10k               c35_CORELIB_TYP
cache_controller_1     10k               c35_CORELIB_TYP
execute_DW01_cmp6_0    10k               c35_CORELIB_TYP
execute_DW01_cmp6_1    10k               c35_CORELIB_TYP
alu_DW01_add_1         10k               c35_CORELIB_TYP
alu_DW01_cmp2_66       10k               c35_CORELIB_TYP
alu_DW01_cmp2_67       10k               c35_CORELIB_TYP
execute_DW01_add_1     10k               c35_CORELIB_TYP
pc_DW01_add_1          10k               c35_CORELIB_TYP
execute_DW01_cmp2_4    10k               c35_CORELIB_TYP
execute_DW01_cmp2_5    10k               c35_CORELIB_TYP
execute_DW01_cmp2_6    10k               c35_CORELIB_TYP
execute_DW01_cmp2_7    10k               c35_CORELIB_TYP
alu_DW01_sub_5         10k               c35_CORELIB_TYP


Global Operating Voltage = 3    
Power-specific unit information :
    Voltage Units = 1V
    Capacitance Units = 1.000000pf
    Time Units = 1ns
    Dynamic Power Units = 1mW    (derived from V,C,T units)
    Leakage Power Units = 1pW


  Cell Internal Power  =  44.2646 mW   (95%)
  Net Switching Power  =   2.1503 mW    (5%)
                         ---------
Total Dynamic Power    =  46.4149 mW  (100%)

Cell Leakage Power     =   8.4013 nW


                 Internal         Switching           Leakage            Total
Power Group      Power            Power               Power              Power   (   %    )  Attrs
--------------------------------------------------------------------------------------------------
io_pad             0.0000            0.0000            0.0000            0.0000  (   0.00%)
memory             0.0000            0.0000            0.0000            0.0000  (   0.00%)
black_box          0.0000            0.0000            0.0000            0.0000  (   0.00%)
clock_network      0.0000            0.0000            0.0000            0.0000  (   0.00%)
register          43.3490        7.7863e-02        3.9431e+03           43.4268  (  93.56%)
sequential         0.0000            0.0000            0.0000            0.0000  (   0.00%)
combinational      0.9156            2.0724        4.4582e+03            2.9880  (   6.44%)
--------------------------------------------------------------------------------------------------
Total             44.2646 mW         2.1502 mW     8.4013e+03 pW        46.4148 mW
1
