Loading db file '/softslin/AMS_410_CDS/synopsys/c35_3.3V/c35_CORELIB_TYP.db'
Information: Propagating switching activity (low effort zero delay simulation). (PWR-6)
Warning: Design has unannotated primary inputs. (PWR-414)
Warning: Design has unannotated sequential cell outputs. (PWR-415)
 
****************************************
Report : power
        -analysis_effort low
Design : pipeline
Version: J-2014.09-SP2
Date   : Fri Jan 19 09:44:58 2018
****************************************


Library(s) Used:

    c35_CORELIB_TYP (File: /softslin/AMS_410_CDS/synopsys/c35_3.3V/c35_CORELIB_TYP.db)


Operating Conditions: WORST   Library: c35_CORELIB_TYP
Wire Load Model Mode: enclosed

Design        Wire Load Model            Library
------------------------------------------------
pipeline               10k               c35_CORELIB_TYP


Global Operating Voltage = 3    
Power-specific unit information :
    Voltage Units = 1V
    Capacitance Units = 1.000000pf
    Time Units = 1ns
    Dynamic Power Units = 1mW    (derived from V,C,T units)
    Leakage Power Units = 1pW


  Cell Internal Power  =  43.9607 mW   (96%)
  Net Switching Power  =   2.0511 mW    (4%)
                         ---------
Total Dynamic Power    =  46.0118 mW  (100%)

Cell Leakage Power     =   7.3774 nW


                 Internal         Switching           Leakage            Total
Power Group      Power            Power               Power              Power   (   %    )  Attrs
--------------------------------------------------------------------------------------------------
io_pad             0.0000            0.0000            0.0000            0.0000  (   0.00%)
memory             0.0000            0.0000            0.0000            0.0000  (   0.00%)
black_box          0.0000            0.0000            0.0000            0.0000  (   0.00%)
clock_network      0.0000            0.0000            0.0000            0.0000  (   0.00%)
register          43.3599            0.1233        3.9457e+03           43.4832  (  94.50%)
sequential         0.0000            0.0000            0.0000            0.0000  (   0.00%)
combinational      0.6008            1.9278        3.4317e+03            2.5286  (   5.50%)
--------------------------------------------------------------------------------------------------
Total             43.9607 mW         2.0511 mW     7.3774e+03 pW        46.0118 mW
1
