 
****************************************
Report : cell
Design : pipeline
Version: J-2014.09-SP2
Date   : Thu Jan 18 18:29:27 2018
****************************************

Attributes:
    b - black box (unknown)
    h - hierarchical
    n - noncombinational
    r - removable
    u - contains unmapped logic

Cell                      Reference       Library             Area  Attributes
--------------------------------------------------------------------------------
U3                        LOGIC1          c35_CORELIB_TYP 36.400002 
U4                        LOGIC0          c35_CORELIB_TYP 36.400002 
U5                        CLKIN3          c35_CORELIB_TYP 36.400002 
U6                        INV3            c35_CORELIB_TYP 36.400002 
U7                        NAND22          c35_CORELIB_TYP 54.599998 
U8                        BUF2            c35_CORELIB_TYP 54.599998 
U9                        BUF2            c35_CORELIB_TYP 54.599998 
U10                       BUF2            c35_CORELIB_TYP 54.599998 
U11                       BUF2            c35_CORELIB_TYP 54.599998 
U12                       BUF2            c35_CORELIB_TYP 54.599998 
U13                       BUF2            c35_CORELIB_TYP 54.599998 
U14                       BUF2            c35_CORELIB_TYP 54.599998 
U15                       BUF2            c35_CORELIB_TYP 54.599998 
U16                       BUF2            c35_CORELIB_TYP 54.599998 
U17                       BUF2            c35_CORELIB_TYP 54.599998 
U18                       BUF2            c35_CORELIB_TYP 54.599998 
U19                       BUF2            c35_CORELIB_TYP 54.599998 
U20                       BUF2            c35_CORELIB_TYP 54.599998 
U21                       BUF2            c35_CORELIB_TYP 54.599998 
U22                       BUF2            c35_CORELIB_TYP 54.599998 
U23                       BUF2            c35_CORELIB_TYP 54.599998 
U24                       BUF2            c35_CORELIB_TYP 54.599998 
U25                       BUF2            c35_CORELIB_TYP 54.599998 
U26                       BUF2            c35_CORELIB_TYP 54.599998 
U27                       BUF2            c35_CORELIB_TYP 54.599998 
U28                       BUF2            c35_CORELIB_TYP 54.599998 
U29                       BUF2            c35_CORELIB_TYP 54.599998 
U30                       BUF2            c35_CORELIB_TYP 54.599998 
U31                       BUF2            c35_CORELIB_TYP 54.599998 
U32                       BUF2            c35_CORELIB_TYP 54.599998 
U33                       BUF2            c35_CORELIB_TYP 54.599998 
U34                       BUF2            c35_CORELIB_TYP 54.599998 
U35                       BUF2            c35_CORELIB_TYP 54.599998 
U36                       BUF2            c35_CORELIB_TYP 54.599998 
U37                       BUF2            c35_CORELIB_TYP 54.599998 
U38                       BUF2            c35_CORELIB_TYP 54.599998 
U39                       BUF2            c35_CORELIB_TYP 54.599998 
U40                       CLKIN3          c35_CORELIB_TYP 36.400002 
counter_calculation1      counter_calculation             23095.799461
                                                                    h, n
dcache_controller1        cache_controller_1              91.000000 h
decode1                   decode                          86213.398888
                                                                    h, n
execute1                  execute                         311929.799400
                                                                    h, n
fetch1                    fetch                           24278.799217
                                                                    h, n
icache_controller1        cache_controller_0              91.000000 h
memory_access1            memory_access                   25643.799454
                                                                    h, n
reg_integer1              reg_integer                     524068.985039
                                                                    h, n
writeback1                writeback                       1146.600014
                                                                    h
--------------------------------------------------------------------------------
Total 47 cells                                            998542.981430
1
