 
****************************************
Report : qor
Design : pipeline
Version: J-2014.09-SP2
Date   : Fri Jan 19 09:42:58 2018
****************************************


  Timing Path Group 'HCLK'
  -----------------------------------
  Levels of Logic:              30.00
  Critical Path Length:          9.49
  Critical Path Slack:           0.00
  Critical Path Clk Period:     10.00
  Total Negative Slack:          0.00
  No. of Violating Paths:        0.00
  Worst Hold Violation:          0.00
  Total Hold Violation:          0.00
  No. of Hold Violations:        0.00
  -----------------------------------


  Cell Count
  -----------------------------------
  Hierarchical Cell Count:         22
  Hierarchical Port Count:       2796
  Leaf Cell Count:               7913
  Buf/Inv Cell Count:            2293
  Buf Cell Count:                 856
  Inv Cell Count:                1437
  CT Buf/Inv Cell Count:            0
  Combinational Cell Count:      6553
  Sequential Cell Count:         1360
  Macro Count:                      0
  -----------------------------------


  Area
  -----------------------------------
  Combinational Area:   530165.997498
  Noncombinational Area:
                        468122.183929
  Buf/Inv Area:         117881.400742
  Total Buffer Area:         56074.20
  Total Inverter Area:       61807.20
  Macro/Black Box Area:      0.000000
  Net Area:             188343.000000
  -----------------------------------
  Cell Area:            998288.181427
  Design Area:         1186631.181427


  Design Rules
  -----------------------------------
  Total Number of Nets:          8016
  Nets With Violations:             0
  Max Trans Violations:             0
  Max Cap Violations:               0
  -----------------------------------


  Hostname: cimeld26

  Compile CPU Statistics
  -----------------------------------------
  Resource Sharing:                    5.93
  Logic Optimization:                 26.39
  Mapping Optimization:               60.11
  -----------------------------------------
  Overall Compile Time:               96.90
  Overall Compile Wall Clock Time:    97.59

  --------------------------------------------------------------------

  Design  WNS: 0.00  TNS: 0.00  Number of Violating Paths: 0


  Design (Hold)  WNS: 0.00  TNS: 0.00  Number of Violating Paths: 0

  --------------------------------------------------------------------


1
