 
****************************************
Report : area
Design : pipeline
Version: J-2014.09-SP2
Date   : Mon Jan 15 18:06:51 2018
****************************************

Library(s) Used:

    c35_CORELIB_TYP (File: /softslin/AMS_410_CDS/synopsys/c35_3.3V/c35_CORELIB_TYP.db)

Number of ports:                          202
Number of nets:                           933
Number of cells:                           45
Number of combinational cells:             36
Number of sequential cells:                 0
Number of macros/black boxes:               0
Number of buf/inv:                         33
Number of references:                      14

Combinational area:             547765.397110
Buf/Inv area:                   116170.600807
Noncombinational area:          470888.584290
Macro/Black Box area:                0.000000
Net Interconnect area:          192267.000000

Total cell area:               1018653.981400
Total area:                    1210920.981400
1
