
Modifying /tp/xph3app/xph3app606/RISC-V-Core-32-bits/CORE/config/modelsim.ini
Model Technology ModelSim SE-64 vcom 10.2c Compiler 2013.07 Jul 18 2013
-- Loading package STANDARD
-- Loading package TEXTIO
-- Loading package std_logic_1164
-- Loading package std_logic_arith
-- Loading package STD_LOGIC_UNSIGNED
-- Loading package NUMERIC_STD
-- Compiling package RISCV_CORE_CONFIG
Model Technology ModelSim SE-64 vcom 10.2c Compiler 2013.07 Jul 18 2013
** Error: (vcom-7) Failed to open design unit file "/tp/xph3app/xph3app606/RISC-V-Core-32-bits/CORE/brouillon/vhd/registerfile.vhd" in read mode.
No such file or directory. (errno = ENOENT)
Model Technology ModelSim SE-64 vcom 10.2c Compiler 2013.07 Jul 18 2013
** Error: (vcom-7) Failed to open design unit file "/tp/xph3app/xph3app606/RISC-V-Core-32-bits/CORE/brouillon/vhd/decode.vhd" in read mode.
No such file or directory. (errno = ENOENT)
Model Technology ModelSim SE-64 vcom 10.2c Compiler 2013.07 Jul 18 2013
-- Loading package STANDARD
-- Loading package TEXTIO
-- Loading package std_logic_1164
-- Loading package std_logic_arith
-- Loading package STD_LOGIC_UNSIGNED
-- Loading package NUMERIC_STD
-- Loading package RISCV_CORE_CONFIG
-- Compiling entity fetch
-- Compiling architecture fetch_arch of fetch
Model Technology ModelSim SE-64 vcom 10.2c Compiler 2013.07 Jul 18 2013
-- Loading package STANDARD
-- Loading package TEXTIO
-- Loading package std_logic_1164
-- Loading package std_logic_arith
-- Loading package STD_LOGIC_UNSIGNED
-- Loading package NUMERIC_STD
-- Loading package RISCV_CORE_CONFIG
-- Compiling entity pc_counter
-- Compiling architecture pc_counter_arch of pc_counter
Modifying /tp/xph3app/xph3app606/RISC-V-Core-32-bits/CORE/config/modelsim.ini
Model Technology ModelSim SE-64 vcom 10.2c Compiler 2013.07 Jul 18 2013
-- Loading package STANDARD
-- Compiling package RISCV_CORE_CONFIG_BENCH
Model Technology ModelSim SE-64 vcom 10.2c Compiler 2013.07 Jul 18 2013
** Error: (vcom-7) Failed to open design unit file "/tp/xph3app/xph3app606/RISC-V-Core-32-bits/CORE/brouillon/bench/registerfile_bench.vhd" in read mode.
No such file or directory. (errno = ENOENT)
Model Technology ModelSim SE-64 vcom 10.2c Compiler 2013.07 Jul 18 2013
** Error: (vcom-7) Failed to open design unit file "/tp/xph3app/xph3app606/RISC-V-Core-32-bits/CORE/brouillon/bench/decode_bench.vhd" in read mode.
No such file or directory. (errno = ENOENT)

Total Errors :	4
Total Warnings :	0
