
################################################################################
#
# This file has been generated by SpyGlass:
#     Report Name      : moresimple
#     Report Created by: xph3app606
#     Report Created on:  Wed Dec 20 16:42:25 2017
#     Working Directory: /tp/xph3app/xph3app606/RISC-V-Core-32-bits/CORE/spyglass
#     SpyGlass Version : 5.6.0
#     Policy Name      : SpyGlass(5.6.0)
#                        clock-reset(5.6.0)
#                        latch(5.6.0)
#                        morelint(5.6.0)
#                        openmore(5.6.0)
#                        power_est(5.6.0)
#                        starc(5.6.0)
#                        timing(5.6.0)
#                        txv(5.6.0)
#
#     Total Number of Generated Messages :          0
#     Number of Waived Messages          :          0
#     Number of Reported Messages        :          0
#     Number of Overlimit Messages       :          0
#
#
# NOTE: This report has been generated from an incomplete violation database,
#        which can have been caused by an abnormal termination.
#        Information contained in this report may be incorrect, and is useful only
#        for investigating potential causes of the premature termination.
#
################################################################################

+++++++++++++++++++++++++++++++++++++++++++++++++++++++++++++++++++++++
MORESIMPLE REPORT:
############### FATAL MESSAGES ############### 
+++++++++++++++++++++++++++++++++++++++++++++++++++++++++++++++++++++++++++++++++
ID       Rule                 Alias         Severity    File    Line    Wt      Message
======================================================================================
[0]      STX_VH_202           STX_VH_202    Syntax      N.A.    0       1000    The entity 'COUNTER_CALCULATION' in library 'LIB_CORE' is out-of-date because it has been compiled earlier than the package 'RISCV_CORE_CONFIG' in library 'LIB_CORE'; Please recompile it.(package(LIB_CORE.RISCV_CORE_CONFIG) TimeStamp(Wed Dec 20 16:42:26 2017);entity(LIB_CORE.COUNTER_CALCULATION) TimeStamp(Wed Dec 20 16:42:26 2017))
[1]      ReportAbortReason                  Fatal       N.A.    0       1000    SpyGlass Aborted due to the following error : ERROR [38]    The entity 'COUNTER_CALCULATION' in library 'LIB_CORE' is out-of-date because it has been compiled earlier than the package 'RISCV_CORE_CONFIG' in library 'LIB_CORE'; Please recompile it.(package(LIB_CORE.RISCV_CORE_CONFIG) TimeStamp(Wed Dec 20 16:42:26 2017);entity(LIB_CORE.COUNTER_CALCULATION) TimeStamp(Wed Dec 20 16:42:26 2017))
+++++++++++++++++++++++++++++++++++++++++++++++++++++++++++++++++++++++++++++++++++++++
