SpyGlass run started at 09:32:00 AM on Jan 11 2018 

SpyGlass Predictive Analyzer(R) - Version 5.6.0
Last compiled on Dec 15 2015

All Rights Reserved. Use, disclosure or duplication
without prior written permission of Synopsys Inc. is prohibited.
Technical support: email spyglass_support@synopsys.com.


Running SpyGlass 64-bit Executable: /softl3/spyglass5_6_0/SpyGlass-5.6.0/SPYGLASS_HOME/obj/check.Linux4

RULE-CHECKING IN MIXED MODE
Loading Policy: spyglass (Version: 5.6.0) from path: /softl3/spyglass5_6_0/SpyGlass-5.6.0/SPYGLASS_HOME/policies/spyglass
Loading Shared library libspyglassrules-Linux4.spyso from /softl3/spyglass5_6_0/SpyGlass-5.6.0/SPYGLASS_HOME/lib/libspyglassrules-Linux4.spyso 
Loading Shared library libsdcInitRules-Linux4.spyso from /softl3/spyglass5_6_0/SpyGlass-5.6.0/SPYGLASS_HOME/lib/libsdcInitRules-Linux4.spyso 
Loading Shared library librmerules-Linux4.spyso from /softl3/spyglass5_6_0/SpyGlass-5.6.0/SPYGLASS_HOME/lib/librmerules-Linux4.spyso 
##build_id : 5.6.0
##system   : Linux cimeld19 3.2.0-4-amd64 #1 SMP Debian 3.2.68-1+deb7u3 x86_64
##cwd      : /tp/xph3app/xph3app606/RISC-V-Core-32-bits/CORE/spyglass
##lang     : Verilog+VHDL
##args     : -mSpyGlass::Compatibility::v2_7_3 \
             -mSpyGlass::Compatibility::v2_7_3 \
             -mSpyGlass::Compatibility::v2_7_3 \
             -I '/softslin/spyglass5_6_0/SpyGlass-5.6.0/SPYGLASS_PHYSICAL_HOME/common/sgphysical/policies/physical' \
             -nl \
             -wdir './spyglass-1/Design_Read' \
             -lib LIB_CORE ./libs/LIB_CORE \
             -lib LIB_CORE ./libs/LIB_CORE \
             -lib WORK ./spyglass-1/WORK \
             -dbdir './spyglass-1/.SG_SaveRestoreDB' \
             -mixed \
             -batch \
             -policy='none' \
             --goal_info 'Design_Read@' \
             -projectwdir './spyglass-1' \
             -hdllibdu \
             -templatedir '/softl3/spyglass5_6_0/SpyGlass-5.6.0/SPYGLASS_HOME/auxi/policy_data/spyglass/design_read' \
             --template_info 'Design_Read' \
             -enable_save_restore \
             -enable_save_restore_builtin 'true' \
             -64bit  \
             ../design/vhd/RISCV_CORE_CONFIG.vhd \
             ../design/vhd/alu.vhd \
             ../design/vhd/counter_calculation.vhd \
             ../design/vhd/decode.vhd \
             ../design/vhd/execute.vhd \
             ../design/vhd/fetch.vhd \
             ../design/vhd/memory_access.vhd \
             ../design/vhd/registerfile.vhd \
             ../design/vhd/writeback.vhd \
             ../design/vhd/pipeline.vhd
\
             -libhdlfiles LIB_CORE '/tp/xph3app/xph3app606/RISC-V-Core-32-bits/CORE/design/vhd/RISCV_CORE_CONFIG.vhd /tp/xph3app/xph3app606/RISC-V-Core-32-bits/CORE/design/vhd/alu.vhd /tp/xph3app/xph3app606/RISC-V-Core-32-bits/CORE/design/vhd/counter_calculation.vhd /tp/xph3app/xph3app606/RISC-V-Core-32-bits/CORE/design/vhd/decode.vhd /tp/xph3app/xph3app606/RISC-V-Core-32-bits/CORE/design/vhd/execute.vhd /tp/xph3app/xph3app606/RISC-V-Core-32-bits/CORE/design/vhd/fetch.vhd /tp/xph3app/xph3app606/RISC-V-Core-32-bits/CORE/design/vhd/memory_access.vhd /tp/xph3app/xph3app606/RISC-V-Core-32-bits/CORE/design/vhd/registerfile.vhd /tp/xph3app/xph3app606/RISC-V-Core-32-bits/CORE/design/vhd/writeback.vhd /tp/xph3app/xph3app606/RISC-V-Core-32-bits/CORE/design/vhd/pipeline.vhd'
##verbosity level   : 2
##exact cmdline arg : -batch -project spyglass-1.prj -designread  -64bit
##spyglass_run.csh begins :
;	cd /tp/xph3app/xph3app606/RISC-V-Core-32-bits/CORE/spyglass
;	setenv ATRENTA_LICENSE_FILE 1721@cimekey1
;	setenv SPYGLASS_LD_PRELOAD /softl3/spyglass5_6_0/SpyGlass-5.6.0/SPYGLASS_HOME/lib/libsgjemalloc-Linux4.so
;	setenv SPYGLASS_DW_PATH /softl3/spyglass5_6_0/SpyGlass-5.6.0/SPYGLASS_HOME/dw_support
;	/softl3/spyglass5_6_0/SpyGlass-5.6.0/SPYGLASS_HOME/bin/spyglass  -batch -project spyglass-1.prj -designread  -64bit
##spyglass_run.csh ends
##files    : ../design/vhd/RISCV_CORE_CONFIG.vhd \
             ../design/vhd/alu.vhd \
             ../design/vhd/counter_calculation.vhd \
             ../design/vhd/decode.vhd \
             ../design/vhd/execute.vhd \
             ../design/vhd/fetch.vhd \
             ../design/vhd/memory_access.vhd \
             ../design/vhd/registerfile.vhd \
             ../design/vhd/writeback.vhd \
             ../design/vhd/pipeline.vhd


INFO [76]    Using `./spyglass-1/WORK/64' as the Work Directory for 64bit precompiled dump.
Checking Rule ZeroSizeFile (Rule 1 of total 112) .... done (Time = 0.00s, Memory = 0.0K)
Checking Rule PrecompileLibCheck01 (Rule 2 of total 112) .... done (Time = 0.00s, Memory = 0.0K)
Checking Rule PrecompileLibCheck02 (Rule 3 of total 112) .... done (Time = 0.00s, Memory = 0.0K)
Checking Rule PrecompileLibCheck03 (Rule 4 of total 112) .... done (Time = 0.00s, Memory = 0.0K)
Checking Rule PrecompileLibCheck04 (Rule 5 of total 112) .... done (Time = 0.00s, Memory = 0.0K)
Checking Rule ElabSummary (Rule 6 of total 112)##FILEDEBUG[sgOpenFile]: Opening File './spyglass-1/Design_Read/spyglass_reports/SpyGlass/elab_summary.rpt' in "w" mode ...
 .... done (Time = 0.00s, Memory = 0.0K)
Checking Rule SGDC_assume_path01 (Rule 7 of total 112) .... done (Time = 0.00s, Memory = 0.0K)
Checking Rule SGDC_sdcschema02 (Rule 8 of total 112) .... done (Time = 0.00s, Memory = 0.0K)
Checking Rule SGDC_clock05 (Rule 9 of total 112) .... done (Time = 0.00s, Memory = 0.0K)
Checking Rule SGDC_clock09 (Rule 10 of total 112) .... done (Time = 0.00s, Memory = 0.0K)
Checking Rule SGDC_force_ta05 (Rule 11 of total 112) .... done (Time = 0.00s, Memory = 0.0K)
Checking Rule SGDC_require_path03 (Rule 12 of total 112) .... done (Time = 0.00s, Memory = 0.0K)
Checking Rule SGDC_require_value03 (Rule 13 of total 112) .... done (Time = 0.00s, Memory = 0.0K)
Checking Rule SGDC_voltagedomain05 (Rule 14 of total 112) .... done (Time = 0.00s, Memory = 0.0K)
Checking Rule SGDC_voltagedomain06 (Rule 15 of total 112) .... done (Time = 0.00s, Memory = 0.0K)
Checking Rule SGDC_voltagedomain07 (Rule 16 of total 112) .... done (Time = 0.00s, Memory = 15.0K)
Checking Rule SGDC_powerdomainoutputs02 (Rule 17 of total 112) .... done (Time = 0.00s, Memory = 0.0K)
Checking Rule SGDC_supply01 (Rule 18 of total 112) .... done (Time = 0.00s, Memory = 16.0K)
Checking Rule SGDC_waive01 (Rule 19 of total 112) .... done (Time = 0.00s, Memory = 0.0K)
Checking Rule SGDC_waive02 (Rule 20 of total 112) .... done (Time = 0.00s, Memory = 0.0K)
Checking Rule SGDC_waive03 (Rule 21 of total 112) .... done (Time = 0.00s, Memory = 0.0K)
Checking Rule SGDC_waive04 (Rule 22 of total 112) .... done (Time = 0.00s, Memory = 0.0K)
Checking Rule SGDC_waive05 (Rule 23 of total 112) .... done (Time = 0.00s, Memory = 0.0K)
Checking Rule SGDC_waive06 (Rule 24 of total 112) .... done (Time = 0.00s, Memory = 0.0K)
Checking Rule SGDC_waive07 (Rule 25 of total 112) .... done (Time = 0.00s, Memory = 0.0K)
Checking Rule SGDC_waive08 (Rule 26 of total 112) .... done (Time = 0.00s, Memory = -0.5K)
Checking Rule SGDC_waive09 (Rule 27 of total 112) .... done (Time = 0.00s, Memory = 0.0K)
Checking Rule SGDC_waive10 (Rule 28 of total 112) .... done (Time = 0.00s, Memory = 0.0K)
Checking Rule SGDC_waive11 (Rule 29 of total 112) .... done (Time = 0.00s, Memory = 0.0K)
Checking Rule SGDC_waive12 (Rule 30 of total 112) .... done (Time = 0.00s, Memory = 0.0K)
Checking Rule SGDC_waive13 (Rule 31 of total 112) .... done (Time = 0.00s, Memory = 0.0K)
Checking Rule SGDC_waive21 (Rule 32 of total 112) .... done (Time = 0.00s, Memory = 0.0K)
Checking Rule SGDC_waive22 (Rule 33 of total 112) .... done (Time = 0.00s, Memory = 0.0K)
Checking Rule SGDC_waive30 (Rule 34 of total 112) .... done (Time = 0.00s, Memory = 0.0K)
Checking Rule SGDC_waive32 (Rule 35 of total 112) .... done (Time = 0.00s, Memory = 0.0K)
Checking Rule SGDC_waive33 (Rule 36 of total 112) .... done (Time = 0.00s, Memory = 0.0K)
Checking Rule SGDC_waive36 (Rule 37 of total 112) .... done (Time = 0.00s, Memory = 0.0K)
Checking Rule SGDC_waive38 (Rule 38 of total 112) .... done (Time = 0.00s, Memory = 0.0K)
Checking Rule SGDC_fifo01 (Rule 39 of total 112) .... done (Time = 0.00s, Memory = 0.0K)
Checking Rule SGDC_libgroup01 (Rule 40 of total 112) .... done (Time = 0.00s, Memory = 0.0K)
Checking Rule SGDC_libgroup02 (Rule 41 of total 112) .... done (Time = 0.00s, Memory = 0.0K)
Checking Rule SGDC_libgroup04 (Rule 42 of total 112) .... done (Time = 0.00s, Memory = 0.0K)
Checking Rule SGDC_power_data01 (Rule 43 of total 112) .... done (Time = 0.00s, Memory = 15.0K)
Checking Rule SGDC_ungroup01 (Rule 44 of total 112) .... done (Time = 0.00s, Memory = 0.0K)
Checking Rule SGDC_abstract_port06 (Rule 45 of total 112) .... done (Time = 0.00s, Memory = 15.0K)
Checking Rule SGDC_abstract_port14 (Rule 46 of total 112) .... done (Time = 0.00s, Memory = 0.0K)
Checking Rule SGDC_abstract_port15 (Rule 47 of total 112) .... done (Time = 0.00s, Memory = 0.0K)
Checking Rule SGDC_abstract_port18 (Rule 48 of total 112) .... done (Time = 0.00s, Memory = 0.0K)
Checking Rule sdc_init_rule (Rule 49 of total 112) .... done (Time = 0.00s, Memory = 0.6K)
Checking Rule CMD_ignorelibs01 (Rule 50 of total 112) .... done (Time = 0.00s, Memory = 0.0K)
Checking Rule ReportRuleNotRun (Rule 51 of total 112) .... done (Time = 0.00s, Memory = 0.0K)
 Reading waiver file "./spyglass-1/Design_Read/spyglass_spysch/waiver/pragma2Waiver.swl" ...
 Reading included SGDC file "./spyglass-1/Design_Read/spyglass_spysch/waiver/pragma2Waiver_varfile.swl" ....
Checking Rule ReportStopSummary (Rule 52 of total 112) .... done (Time = 0.00s, Memory = 0.0K)
Checking Rule ReportIgnoreSummary (Rule 53 of total 112) .... done (Time = 0.00s, Memory = 0.0K)
##SGDEBUG [BENCHMARK_ABSOLUTE]: Restoring NOM started: 2 sec, 339587 KB, 824668 KB
##SGDEBUG [BENCHMARK_INCR]: Restoring NOM started: 2 sec, 339587 KB, 824668 KB

INFO [235]    Restoring design database from directory './spyglass-1/.SG_SaveRestoreDB/autogenerated__default_snapshot' ...
              done

##SGDEBUG [BENCHMARK_ABSOLUTE]: Restoring NOM completed: 2 sec, 376723 KB, 861532 KB
##SGDEBUG [BENCHMARK_INCR]: Restoring NOM completed: 0 sec, 37136 KB, 36864 KB
     (Memory Used = 37136.1K(incr), 376723.4K(tot), Cpu Time = 0.02s(incr))
Checking Rule InferBlackBox (Rule 54 of total 112) .... done (Time = 0.00s, Memory = 0.0K)
##SGDEBUG [BENCHMARK_DATA]: Number of NOM Modules = 9
##SGDEBUG [BENCHMARK_DATA]: Number of NOM Instances = 3504
##SGDEBUG [BENCHMARK_DATA]: Number of NOM Nets = 7476
##SGDEBUG [BENCHMARK_DATA]: Number of NOM Terminals = 32116
##SGDEBUG [BENCHMARK_DATA]: Number of NOM Instances per Module (max and avg) = 1251, 389
##SGDEBUG [BENCHMARK_ABSOLUTE]: Restoring SDE Data started: 2 sec, 377629 KB, 861788 KB
##SGDEBUG [BENCHMARK_INCR]: Restoring SDE Data started: 0 sec, 906 KB, 256 KB
##SGDEBUG [BENCHMARK_ABSOLUTE]: Restoring SDE Data completed: 2 sec, 377634 KB, 861788 KB
##SGDEBUG [BENCHMARK_INCR]: Restoring SDE Data completed: 0 sec, 5 KB, 0 KB
     (Memory Used = 5.6K(incr), 377634.9K(tot), Cpu Time = 0.00s(incr))
Checking Rule SGDC_waive37 (Rule 55 of total 112) .... done (Time = 0.00s, Memory = 0.0K)
Checking Rule SGDC_waive24 (Rule 56 of total 112) .... done (Time = 0.00s, Memory = 0.0K)
Checking Rule SGDC_waive25 (Rule 57 of total 112) .... done (Time = 0.00s, Memory = 0.0K)
Checking Rule SGDC_waive31 (Rule 58 of total 112) .... done (Time = 0.00s, Memory = 0.0K)
Checking Rule SGDC_waive35 (Rule 59 of total 112) .... done (Time = 0.00s, Memory = 0.0K)
Checking Rule DetectTopDesignUnits (Rule 60 of total 112) Detected 1 top level design units: 
     pipeline.pipeline_arch
 .... done (Time = 0.00s, Memory = -11.5K)
Checking Rule GenerateConfMap (Rule 61 of total 112) .... done (Time = 0.00s, Memory = 0.0K)
Performing semantic checks on SGDC contents
..... SGDC semantic checks completed. (Time = 0.00s, Memory = 53.0K)
Checking Rule SGDC_testmode03 (Rule 62 of total 112) .... done (Time = 0.00s, Memory = 0.0K)
Checking Rule CheckCelldefine (Rule 63 of total 112) .... done (Time = 0.00s, Memory = 0.0K)
Checking Rule checkSGDC_01 (Rule 64 of total 112) .... done (Time = 0.00s, Memory = 0.0K)
Checking Rule checkSGDC_03 (Rule 65 of total 112) .... done (Time = 0.00s, Memory = 0.0K)
Checking Rule checkSGDC_08 (Rule 66 of total 112) .... done (Time = 0.00s, Memory = 32.0K)
Checking Rule SGDC_memorywritepin04 (Rule 67 of total 112) .... done (Time = 0.00s, Memory = 15.0K)
Checking Rule SGDC_reset02 (Rule 68 of total 112) .... done (Time = 0.00s, Memory = 15.0K)
Checking Rule SGDC_reset03 (Rule 69 of total 112) .... done (Time = 0.00s, Memory = 0.0K)
Checking Rule SGDC_waive23 (Rule 70 of total 112) .... done (Time = 0.00s, Memory = 0.0K)
Checking Rule SGDC_waive26 (Rule 71 of total 112) .... done (Time = 0.00s, Memory = 0.8K)
Checking Rule SGDC_waive27 (Rule 72 of total 112) .... done (Time = 0.00s, Memory = 0.0K)
Checking Rule SGDC_waive29 (Rule 73 of total 112) .... done (Time = 0.00s, Memory = 0.0K)
Checking Rule SGDC_libgroup03 (Rule 74 of total 112) .... done (Time = 0.00s, Memory = 0.0K)
Checking Rule SGDC_ungroup02 (Rule 75 of total 112) .... done (Time = 0.00s, Memory = 0.0K)
Checking Rule _abstractPortSGDC (Rule 76 of total 112) .... done (Time = 0.00s, Memory = 0.0K)
Checking Rule SGDC_abstract_port03 (Rule 77 of total 112) .... done (Time = 0.00s, Memory = 0.0K)
Checking Rule SGDC_abstract_port04 (Rule 78 of total 112) .... done (Time = 0.00s, Memory = 16.0K)
Checking Rule SGDC_abstract_port05 (Rule 79 of total 112) .... done (Time = 0.00s, Memory = 0.0K)
Checking Rule SGDC_abstract_port07 (Rule 80 of total 112) .... done (Time = 0.00s, Memory = -1.5K)
Checking Rule SGDC_abstract_port08 (Rule 81 of total 112) .... done (Time = 0.00s, Memory = 0.0K)
Checking Rule SGDC_abstract_port10 (Rule 82 of total 112) .... done (Time = 0.00s, Memory = 0.0K)
Checking Rule SGDC_abstract_port11 (Rule 83 of total 112) .... done (Time = 0.00s, Memory = 0.0K)
Checking Rule SGDC_abstract_port12 (Rule 84 of total 112) .... done (Time = 0.00s, Memory = 0.0K)
Checking Rule SGDC_abstract_port13 (Rule 85 of total 112) .... done (Time = 0.00s, Memory = 0.0K)
Checking Rule ReportUngroup (Rule 86 of total 112) .... done (Time = 0.00s, Memory = 0.0K)
Checking Rule SGDC_abstract_port21 (Rule 87 of total 112) .... done (Time = 0.00s, Memory = 0.0K)
##SGDEBUG [BENCHMARK_ABSOLUTE]: VS rule checking finished...: 2 sec, 377814 KB, 861788 KB
##SGDEBUG [BENCHMARK_INCR]: VS rule checking finished...: 0 sec, 180 KB, 0 KB
##SGDEBUG [BENCHMARK_ABSOLUTE]: Flattening started: 2 sec, 378733 KB, 862556 KB
##SGDEBUG [BENCHMARK_INCR]: Flattening started: 0 sec, 919 KB, 768 KB
 Flattening pipeline (.lib instances separately flattened) ....
     (Memory Used = 3192.8K(incr), 381926.2K(tot), Cpu Time = 0.05s(incr))
 Flattening completed
##SGDEBUG [BENCHMARK_DATA]: Number of Flat Instances = 3496
##SGDEBUG [BENCHMARK_DATA]: Number of Flat Nets = 5681
##SGDEBUG [BENCHMARK_DATA]: Number of Flat Terms = 29411
##SGDEBUG [BENCHMARK_DATA]: Number of Flat Paths = 9
##SGDEBUG [BENCHMARK_DATA]: Number of Flat Ports = 171
##SGDEBUG [BENCHMARK_DATA]: Number of Black-Box Instances = 0
##SGDEBUG [BENCHMARK_DATA]: Number of Lib Instances = 0
##SGDEBUG [BENCHMARK_DATA]: Number of ILM Instances = 0
##SGDEBUG [BENCHMARK_ABSOLUTE]: Flattening finished: 2 sec, 381926 KB, 865372 KB
##SGDEBUG [BENCHMARK_INCR]: Flattening finished: 0 sec, 3193 KB, 2816 KB
Checking Rule AnalyzeBBox (Rule 88 of total 112) .... done (Time = 0.00s, Memory = 0.0K)
Checking Rule ReportCheckDataSummary (Rule 89 of total 112) .... done (Time = 0.00s, Memory = 0.0K)

Applying user specified and internally generated waivers on violation database .... done (Time = 0.02s)

Generating data for Console...
##SGDEBUG [PEAK_MEMORY]: 870748 KB for entire run at 'just before destroying nvn arrays in flattener' stage
##SGDEBUG [VMPEAK_MEMORY]: 1223108 KB for entire run
##SGDEBUG [BENCHMARK_ABSOLUTE]: Rule checking finished: 2 sec, 381391 KB, 858716 KB
##SGDEBUG [BENCHMARK_INCR]: Rule checking finished: 0 sec, -535 KB, -6656 KB


=====================================================================================
							Rule Parameter Table
=====================================================================================

	PARAMETER-NAME                                     VALUE
-------------------------------------------------------------------------------------
	-allow_clock_on_output_port                        no
	-check_clock_group_violations                      no
	-debug_proc                                        no
	-force_genclk_for_txv                              no
	-library_gen_clock_naming                          no
	-netlist_clock_polarity                            yes
	-preserve_path                                     no
	-pt                                                no
	-show_all_sdc_violations                           no
	-show_sdc_progress                                 no
	-suppress_sdc_violation_in_abstract                no
	-truncate_through                                  yes
	-write_sdc                                         no
=====================================================================================



=====================================================================================
                               Rule Status Table

 RULE-NAME                      POLICY-NAME     ENABLED VIOL-CNT RULE-TYPE   ERROR-MSG         
=====================================================================================
 ElabSummary                    SpyGlass        Yes            1 SETUP          -               
 DetectTopDesignUnits           SpyGlass        Yes            1 SETUP          -               
-------------------------------------------------------------------------------------
Note: VSDU type of rules (as seen in the above table) are not run on
      unsynthesized modules reported by 'ErrorAnalyzeBBox/InfoAnalyzeBBox' messages
      (Please see messages starting with keyword 'UnsynthesizedDU')

##status : SpyGlass Rule Checking Complete.

---------------------------------------------------------------------------------------------
Results Summary:
---------------------------------------------------------------------------------------------
   Goal Run           :      Design_Read
   Command-line read  :      0 error,      0 warning,      0 information message 
   Design Read        :      0 error,      0 warning,      2 information messages
      Found 1 top module:
         pipeline.pipeline_arch   (file: ../design/vhd/pipeline.vhd)

   Blackbox Resolution:      0 error,      0 warning,      0 information message 
   SGDC Checks        :      0 error,      0 warning,      0 information message 
   -------------------------------------------------------------------------------------
   Total              :      0 error,      0 warning,      2 information messages

  Total Number of Generated Messages     :         2 (0 error, 0 warning, 2 Infos)
  Number of Reported Messages            :         2 (0 error, 0 warning, 2 Infos)

---------------------------------------------------------------------------------------------



SpyGlass Rule Checking Complete.

Generating moresimple report from './spyglass-1/Design_Read/spyglass.vdb' to './spyglass-1/Design_Read/spyglass_reports/moresimple.rpt' ....

Generating runsummary report from './spyglass-1/Design_Read/spyglass.vdb' ....

Generating no_msg_reporting_rules report from './spyglass-1/Design_Read/spyglass.vdb' to './spyglass-1/Design_Read/spyglass_reports/no_msg_reporting_rules.rpt' ....

Policy specific data (reports) are present in the directory './spyglass-1/Design_Read/spyglass_reports'.

SpyGlass critical reports for the current run are present in directory './spyglass-1/consolidated_reports/Design_Read/'.

SpyGlass Exit Code 0 (Rule-checking completed without errors or warnings)
SpyGlass total run-time is 0:0:3 (3 secs)
SpyGlass run completed at 09:32:24 AM on Jan 11 2018
